2014-11-24 11:59:48 Warning: Warning (2): date(): It is not safe to rely on the system's timezone settings. You are *required* to use the date.timezone setting or the date_default_timezone_set() function. In case you used any of those methods and you are still getting this warning, you most likely misspelled the timezone identifier. We selected 'UTC' for 'UTC/0.0/no DST' instead in [/var/www/html/lib/Cake/Log/Engine/FileLog.php, line 136]
Trace:
date - [internal], line ??
FileLog::write() - CORE/Cake/Log/Engine/FileLog.php, line 136
CakeLog::write() - CORE/Cake/Log/CakeLog.php, line 454
ErrorHandler::_log() - CORE/Cake/Error/ErrorHandler.php, line 180
ErrorHandler::handleException() - CORE/Cake/Error/ErrorHandler.php, line 113
[main] - [internal], line ??

2014-11-24 11:59:48 Error: [ConfigureException] Could not load configuration file: /var/www/html/app/Config/clickin_settings.php
Stack Trace:
#0 /var/www/html/lib/Cake/Core/Configure.php(298): PhpReader->read('clickin_setting...')
#1 /var/www/html/app/Config/bootstrap.php(124): Configure::load('clickin_setting...')
#2 /var/www/html/lib/Cake/Core/Configure.php(92): include('/var/www/html/a...')
#3 /var/www/html/lib/Cake/bootstrap.php(177): Configure::bootstrap(true)
#4 /var/www/html/app/webroot/index.php(96): include('/var/www/html/l...')
#5 /var/www/html/index.php(43): require('/var/www/html/a...')
#6 {main}
2014-11-24 12:00:12 Warning: Warning (2): date(): It is not safe to rely on the system's timezone settings. You are *required* to use the date.timezone setting or the date_default_timezone_set() function. In case you used any of those methods and you are still getting this warning, you most likely misspelled the timezone identifier. We selected 'UTC' for 'UTC/0.0/no DST' instead in [/var/www/html/lib/Cake/Log/Engine/FileLog.php, line 136]
Trace:
date - [internal], line ??
FileLog::write() - CORE/Cake/Log/Engine/FileLog.php, line 136
CakeLog::write() - CORE/Cake/Log/CakeLog.php, line 454
ErrorHandler::_log() - CORE/Cake/Error/ErrorHandler.php, line 180
ErrorHandler::handleException() - CORE/Cake/Error/ErrorHandler.php, line 113
[main] - [internal], line ??

2014-11-24 12:00:12 Error: [ConfigureException] Could not load configuration file: /var/www/html/app/Config/clickin_settings.php
Stack Trace:
#0 /var/www/html/lib/Cake/Core/Configure.php(298): PhpReader->read('clickin_setting...')
#1 /var/www/html/app/Config/bootstrap.php(124): Configure::load('clickin_setting...')
#2 /var/www/html/lib/Cake/Core/Configure.php(92): include('/var/www/html/a...')
#3 /var/www/html/lib/Cake/bootstrap.php(177): Configure::bootstrap(true)
#4 /var/www/html/app/webroot/index.php(96): include('/var/www/html/l...')
#5 /var/www/html/index.php(43): require('/var/www/html/a...')
#6 {main}
2014-11-24 12:02:45 Warning: Warning (2): date(): It is not safe to rely on the system's timezone settings. You are *required* to use the date.timezone setting or the date_default_timezone_set() function. In case you used any of those methods and you are still getting this warning, you most likely misspelled the timezone identifier. We selected 'UTC' for 'UTC/0.0/no DST' instead in [/var/www/html/lib/Cake/Log/Engine/FileLog.php, line 136]
Trace:
date - [internal], line ??
FileLog::write() - CORE/Cake/Log/Engine/FileLog.php, line 136
CakeLog::write() - CORE/Cake/Log/CakeLog.php, line 454
ErrorHandler::_log() - CORE/Cake/Error/ErrorHandler.php, line 180
ErrorHandler::handleException() - CORE/Cake/Error/ErrorHandler.php, line 113
[main] - [internal], line ??

2014-11-24 12:02:45 Error: [ConfigureException] Could not load configuration file: /var/www/html/app/Config/clickin_settings.php
Stack Trace:
#0 /var/www/html/lib/Cake/Core/Configure.php(298): PhpReader->read('clickin_setting...')
#1 /var/www/html/app/Config/bootstrap.php(124): Configure::load('clickin_setting...')
#2 /var/www/html/lib/Cake/Core/Configure.php(92): include('/var/www/html/a...')
#3 /var/www/html/lib/Cake/bootstrap.php(177): Configure::bootstrap(true)
#4 /var/www/html/app/webroot/index.php(96): include('/var/www/html/l...')
#5 /var/www/html/index.php(43): require('/var/www/html/a...')
#6 {main}
2014-11-24 12:03:58 Warning: Warning (2): date(): It is not safe to rely on the system's timezone settings. You are *required* to use the date.timezone setting or the date_default_timezone_set() function. In case you used any of those methods and you are still getting this warning, you most likely misspelled the timezone identifier. We selected 'UTC' for 'UTC/0.0/no DST' instead in [/var/www/html/lib/Cake/Log/Engine/FileLog.php, line 136]
Trace:
date - [internal], line ??
FileLog::write() - CORE/Cake/Log/Engine/FileLog.php, line 136
CakeLog::write() - CORE/Cake/Log/CakeLog.php, line 454
ErrorHandler::_log() - CORE/Cake/Error/ErrorHandler.php, line 180
ErrorHandler::handleException() - CORE/Cake/Error/ErrorHandler.php, line 113
[main] - [internal], line ??

2014-11-24 12:03:58 Error: [ConfigureException] Could not load configuration file: /var/www/html/app/Config/clickin_settings.php
Stack Trace:
#0 /var/www/html/lib/Cake/Core/Configure.php(298): PhpReader->read('clickin_setting...')
#1 /var/www/html/app/Config/bootstrap.php(124): Configure::load('clickin_setting...')
#2 /var/www/html/lib/Cake/Core/Configure.php(92): include('/var/www/html/a...')
#3 /var/www/html/lib/Cake/bootstrap.php(177): Configure::bootstrap(true)
#4 /var/www/html/app/webroot/index.php(96): include('/var/www/html/l...')
#5 /var/www/html/index.php(43): require('/var/www/html/a...')
#6 {main}
2014-11-24 12:04:21 Warning: Warning (2): date(): It is not safe to rely on the system's timezone settings. You are *required* to use the date.timezone setting or the date_default_timezone_set() function. In case you used any of those methods and you are still getting this warning, you most likely misspelled the timezone identifier. We selected 'UTC' for 'UTC/0.0/no DST' instead in [/var/www/html/lib/Cake/Log/Engine/FileLog.php, line 136]
Trace:
date - [internal], line ??
FileLog::write() - CORE/Cake/Log/Engine/FileLog.php, line 136
CakeLog::write() - CORE/Cake/Log/CakeLog.php, line 454
ErrorHandler::_log() - CORE/Cake/Error/ErrorHandler.php, line 180
ErrorHandler::handleException() - CORE/Cake/Error/ErrorHandler.php, line 113
[main] - [internal], line ??

2014-11-24 12:04:21 Error: [ConfigureException] Could not load configuration file: /var/www/html/app/Config/clickin_settings.php
Stack Trace:
#0 /var/www/html/lib/Cake/Core/Configure.php(298): PhpReader->read('clickin_setting...')
#1 /var/www/html/app/Config/bootstrap.php(124): Configure::load('clickin_setting...')
#2 /var/www/html/lib/Cake/Core/Configure.php(92): include('/var/www/html/a...')
#3 /var/www/html/lib/Cake/bootstrap.php(177): Configure::bootstrap(true)
#4 /var/www/html/app/webroot/index.php(96): include('/var/www/html/l...')
#5 /var/www/html/index.php(43): require('/var/www/html/a...')
#6 {main}
2014-11-24 12:04:29 Warning: Warning (2): date(): It is not safe to rely on the system's timezone settings. You are *required* to use the date.timezone setting or the date_default_timezone_set() function. In case you used any of those methods and you are still getting this warning, you most likely misspelled the timezone identifier. We selected 'UTC' for 'UTC/0.0/no DST' instead in [/var/www/html/lib/Cake/Log/Engine/FileLog.php, line 136]
Trace:
date - [internal], line ??
FileLog::write() - CORE/Cake/Log/Engine/FileLog.php, line 136
CakeLog::write() - CORE/Cake/Log/CakeLog.php, line 454
ErrorHandler::_log() - CORE/Cake/Error/ErrorHandler.php, line 180
ErrorHandler::handleException() - CORE/Cake/Error/ErrorHandler.php, line 113
[main] - [internal], line ??

2014-11-24 12:04:29 Error: [ConfigureException] Could not load configuration file: /var/www/html/app/Config/clickin_settings.php
Stack Trace:
#0 /var/www/html/lib/Cake/Core/Configure.php(298): PhpReader->read('clickin_setting...')
#1 /var/www/html/app/Config/bootstrap.php(124): Configure::load('clickin_setting...')
#2 /var/www/html/lib/Cake/Core/Configure.php(92): include('/var/www/html/a...')
#3 /var/www/html/lib/Cake/bootstrap.php(177): Configure::bootstrap(true)
#4 /var/www/html/app/webroot/index.php(96): include('/var/www/html/l...')
#5 /var/www/html/index.php(43): require('/var/www/html/a...')
#6 {main}
2014-11-24 12:05:36 Warning: Warning (2): include_once(/var/www/html/app/Config/database.php): failed to open stream: Permission denied in [/var/www/html/lib/Cake/Model/ConnectionManager.php, line 69]
Trace:
ConnectionManager::_init() - CORE/Cake/Model/ConnectionManager.php, line 69
ConnectionManager::_init() - CORE/Cake/Model/ConnectionManager.php, line 69
ConnectionManager::getDataSource() - CORE/Cake/Model/ConnectionManager.php, line 85
Model::setDataSource() - CORE/Cake/Model/Model.php, line 3288
Model::setSource() - CORE/Cake/Model/Model.php, line 1107
Model::getDataSource() - CORE/Cake/Model/Model.php, line 3310
Model::schema() - CORE/Cake/Model/Model.php, line 1318
FormHelper::_introspectModel() - CORE/Cake/View/Helper/FormHelper.php, line 199
FormHelper::create() - CORE/Cake/View/Helper/FormHelper.php, line 451
include - APP/View/admin/login.ctp, line 4
View::_evaluate() - CORE/Cake/View/View.php, line 931
View::_render() - CORE/Cake/View/View.php, line 893
View::render() - CORE/Cake/View/View.php, line 462
Controller::render() - CORE/Cake/Controller/Controller.php, line 952
AdminController::login() - APP/Controller/AdminController.php, line 48
ReflectionMethod::invokeArgs() - [internal], line ??
Controller::invokeAction() - CORE/Cake/Controller/Controller.php, line 490
Dispatcher::_invoke() - CORE/Cake/Routing/Dispatcher.php, line 187
Dispatcher::dispatch() - CORE/Cake/Routing/Dispatcher.php, line 162
require - APP/webroot/index.php, line 110
[main] - ROOT/index.php, line 43

2014-11-24 12:05:36 Warning: Warning (2): include_once() [http://php.net/function.include]: Failed opening '/var/www/html/app/Config/database.php' for inclusion (include_path='.:/usr/share/pear:/usr/share/php') in [/var/www/html/lib/Cake/Model/ConnectionManager.php, line 69]
Trace:
ConnectionManager::_init() - CORE/Cake/Model/ConnectionManager.php, line 69
ConnectionManager::_init() - CORE/Cake/Model/ConnectionManager.php, line 69
ConnectionManager::getDataSource() - CORE/Cake/Model/ConnectionManager.php, line 85
Model::setDataSource() - CORE/Cake/Model/Model.php, line 3288
Model::setSource() - CORE/Cake/Model/Model.php, line 1107
Model::getDataSource() - CORE/Cake/Model/Model.php, line 3310
Model::schema() - CORE/Cake/Model/Model.php, line 1318
FormHelper::_introspectModel() - CORE/Cake/View/Helper/FormHelper.php, line 199
FormHelper::create() - CORE/Cake/View/Helper/FormHelper.php, line 451
include - APP/View/admin/login.ctp, line 4
View::_evaluate() - CORE/Cake/View/View.php, line 931
View::_render() - CORE/Cake/View/View.php, line 893
View::render() - CORE/Cake/View/View.php, line 462
Controller::render() - CORE/Cake/Controller/Controller.php, line 952
AdminController::login() - APP/Controller/AdminController.php, line 48
ReflectionMethod::invokeArgs() - [internal], line ??
Controller::invokeAction() - CORE/Cake/Controller/Controller.php, line 490
Dispatcher::_invoke() - CORE/Cake/Routing/Dispatcher.php, line 187
Dispatcher::dispatch() - CORE/Cake/Routing/Dispatcher.php, line 162
require - APP/webroot/index.php, line 110
[main] - ROOT/index.php, line 43

2014-11-24 12:05:36 Warning: Warning (2): date() [http://php.net/function.date]: It is not safe to rely on the system's timezone settings. You are *required* to use the date.timezone setting or the date_default_timezone_set() function. In case you used any of those methods and you are still getting this warning, you most likely misspelled the timezone identifier. We selected 'UTC' for 'UTC/0.0/no DST' instead in [/var/www/html/lib/Cake/Log/Engine/FileLog.php, line 136]
Trace:
date - [internal], line ??
FileLog::write() - CORE/Cake/Log/Engine/FileLog.php, line 136
CakeLog::write() - CORE/Cake/Log/CakeLog.php, line 454
ErrorHandler::_log() - CORE/Cake/Error/ErrorHandler.php, line 180
ErrorHandler::handleException() - CORE/Cake/Error/ErrorHandler.php, line 113
[main] - [internal], line ??

2014-11-24 12:05:36 Error: [MissingDatasourceConfigException] The datasource configuration "mongo" was not found in database.php
Exception Attributes: array (
  'config' => 'mongo',
)
Request URL: /
Stack Trace:
#0 /var/www/html/lib/Cake/Model/ConnectionManager.php(93): ConnectionManager::_getConnectionObject('mongo')
#1 /var/www/html/lib/Cake/Model/Model.php(3288): ConnectionManager::getDataSource('mongo')
#2 /var/www/html/lib/Cake/Model/Model.php(1107): Model->setDataSource('mongo')
#3 /var/www/html/lib/Cake/Model/Model.php(3310): Model->setSource('admins')
#4 /var/www/html/lib/Cake/Model/Model.php(1318): Model->getDataSource()
#5 /var/www/html/lib/Cake/View/Helper/FormHelper.php(199): Model->schema()
#6 /var/www/html/lib/Cake/View/Helper/FormHelper.php(451): FormHelper->_introspectModel('Admin', 'fields')
#7 /var/www/html/app/View/admin/login.ctp(4): FormHelper->create('Admin', Array)
#8 /var/www/html/lib/Cake/View/View.php(931): include('/var/www/html/a...')
#9 /var/www/html/lib/Cake/View/View.php(893): View->_evaluate('/var/www/html/a...', Array)
#10 /var/www/html/lib/Cake/View/View.php(462): View->_render('/var/www/html/a...')
#11 /var/www/html/lib/Cake/Controller/Controller.php(952): View->render('/admin/login', NULL)
#12 /var/www/html/app/Controller/AdminController.php(48): Controller->render('/admin/login')
#13 [internal function]: AdminController->login()
#14 /var/www/html/lib/Cake/Controller/Controller.php(490): ReflectionMethod->invokeArgs(Object(AdminController), Array)
#15 /var/www/html/lib/Cake/Routing/Dispatcher.php(187): Controller->invokeAction(Object(CakeRequest))
#16 /var/www/html/lib/Cake/Routing/Dispatcher.php(162): Dispatcher->_invoke(Object(AdminController), Object(CakeRequest), Object(CakeResponse))
#17 /var/www/html/app/webroot/index.php(110): Dispatcher->dispatch(Object(CakeRequest), Object(CakeResponse))
#18 /var/www/html/index.php(43): require('/var/www/html/a...')
#19 {main}
2014-11-24 12:06:05 Warning: Warning (2): include_once(/var/www/html/app/Config/database.php): failed to open stream: Permission denied in [/var/www/html/lib/Cake/Model/ConnectionManager.php, line 69]
Trace:
ConnectionManager::_init() - CORE/Cake/Model/ConnectionManager.php, line 69
ConnectionManager::_init() - CORE/Cake/Model/ConnectionManager.php, line 69
ConnectionManager::getDataSource() - CORE/Cake/Model/ConnectionManager.php, line 85
Model::setDataSource() - CORE/Cake/Model/Model.php, line 3288
Model::setSource() - CORE/Cake/Model/Model.php, line 1107
Model::getDataSource() - CORE/Cake/Model/Model.php, line 3310
Model::schema() - CORE/Cake/Model/Model.php, line 1318
FormHelper::_introspectModel() - CORE/Cake/View/Helper/FormHelper.php, line 199
FormHelper::create() - CORE/Cake/View/Helper/FormHelper.php, line 451
include - APP/View/admin/login.ctp, line 4
View::_evaluate() - CORE/Cake/View/View.php, line 931
View::_render() - CORE/Cake/View/View.php, line 893
View::render() - CORE/Cake/View/View.php, line 462
Controller::render() - CORE/Cake/Controller/Controller.php, line 952
AdminController::login() - APP/Controller/AdminController.php, line 48
ReflectionMethod::invokeArgs() - [internal], line ??
Controller::invokeAction() - CORE/Cake/Controller/Controller.php, line 490
Dispatcher::_invoke() - CORE/Cake/Routing/Dispatcher.php, line 187
Dispatcher::dispatch() - CORE/Cake/Routing/Dispatcher.php, line 162
require - APP/webroot/index.php, line 110
[main] - ROOT/index.php, line 43

2014-11-24 12:06:05 Warning: Warning (2): include_once() [http://php.net/function.include]: Failed opening '/var/www/html/app/Config/database.php' for inclusion (include_path='.:/usr/share/pear:/usr/share/php') in [/var/www/html/lib/Cake/Model/ConnectionManager.php, line 69]
Trace:
ConnectionManager::_init() - CORE/Cake/Model/ConnectionManager.php, line 69
ConnectionManager::_init() - CORE/Cake/Model/ConnectionManager.php, line 69
ConnectionManager::getDataSource() - CORE/Cake/Model/ConnectionManager.php, line 85
Model::setDataSource() - CORE/Cake/Model/Model.php, line 3288
Model::setSource() - CORE/Cake/Model/Model.php, line 1107
Model::getDataSource() - CORE/Cake/Model/Model.php, line 3310
Model::schema() - CORE/Cake/Model/Model.php, line 1318
FormHelper::_introspectModel() - CORE/Cake/View/Helper/FormHelper.php, line 199
FormHelper::create() - CORE/Cake/View/Helper/FormHelper.php, line 451
include - APP/View/admin/login.ctp, line 4
View::_evaluate() - CORE/Cake/View/View.php, line 931
View::_render() - CORE/Cake/View/View.php, line 893
View::render() - CORE/Cake/View/View.php, line 462
Controller::render() - CORE/Cake/Controller/Controller.php, line 952
AdminController::login() - APP/Controller/AdminController.php, line 48
ReflectionMethod::invokeArgs() - [internal], line ??
Controller::invokeAction() - CORE/Cake/Controller/Controller.php, line 490
Dispatcher::_invoke() - CORE/Cake/Routing/Dispatcher.php, line 187
Dispatcher::dispatch() - CORE/Cake/Routing/Dispatcher.php, line 162
require - APP/webroot/index.php, line 110
[main] - ROOT/index.php, line 43

2014-11-24 12:06:05 Warning: Warning (2): date() [http://php.net/function.date]: It is not safe to rely on the system's timezone settings. You are *required* to use the date.timezone setting or the date_default_timezone_set() function. In case you used any of those methods and you are still getting this warning, you most likely misspelled the timezone identifier. We selected 'UTC' for 'UTC/0.0/no DST' instead in [/var/www/html/lib/Cake/Log/Engine/FileLog.php, line 136]
Trace:
date - [internal], line ??
FileLog::write() - CORE/Cake/Log/Engine/FileLog.php, line 136
CakeLog::write() - CORE/Cake/Log/CakeLog.php, line 454
ErrorHandler::_log() - CORE/Cake/Error/ErrorHandler.php, line 180
ErrorHandler::handleException() - CORE/Cake/Error/ErrorHandler.php, line 113
[main] - [internal], line ??

2014-11-24 12:06:05 Error: [MissingDatasourceConfigException] The datasource configuration "mongo" was not found in database.php
Exception Attributes: array (
  'config' => 'mongo',
)
Request URL: /
Stack Trace:
#0 /var/www/html/lib/Cake/Model/ConnectionManager.php(93): ConnectionManager::_getConnectionObject('mongo')
#1 /var/www/html/lib/Cake/Model/Model.php(3288): ConnectionManager::getDataSource('mongo')
#2 /var/www/html/lib/Cake/Model/Model.php(1107): Model->setDataSource('mongo')
#3 /var/www/html/lib/Cake/Model/Model.php(3310): Model->setSource('admins')
#4 /var/www/html/lib/Cake/Model/Model.php(1318): Model->getDataSource()
#5 /var/www/html/lib/Cake/View/Helper/FormHelper.php(199): Model->schema()
#6 /var/www/html/lib/Cake/View/Helper/FormHelper.php(451): FormHelper->_introspectModel('Admin', 'fields')
#7 /var/www/html/app/View/admin/login.ctp(4): FormHelper->create('Admin', Array)
#8 /var/www/html/lib/Cake/View/View.php(931): include('/var/www/html/a...')
#9 /var/www/html/lib/Cake/View/View.php(893): View->_evaluate('/var/www/html/a...', Array)
#10 /var/www/html/lib/Cake/View/View.php(462): View->_render('/var/www/html/a...')
#11 /var/www/html/lib/Cake/Controller/Controller.php(952): View->render('/admin/login', NULL)
#12 /var/www/html/app/Controller/AdminController.php(48): Controller->render('/admin/login')
#13 [internal function]: AdminController->login()
#14 /var/www/html/lib/Cake/Controller/Controller.php(490): ReflectionMethod->invokeArgs(Object(AdminController), Array)
#15 /var/www/html/lib/Cake/Routing/Dispatcher.php(187): Controller->invokeAction(Object(CakeRequest))
#16 /var/www/html/lib/Cake/Routing/Dispatcher.php(162): Dispatcher->_invoke(Object(AdminController), Object(CakeRequest), Object(CakeResponse))
#17 /var/www/html/app/webroot/index.php(110): Dispatcher->dispatch(Object(CakeRequest), Object(CakeResponse))
#18 /var/www/html/index.php(43): require('/var/www/html/a...')
#19 {main}
2014-11-24 12:06:40 Warning: Warning (2): include_once(/var/www/html/app/Config/database.php): failed to open stream: Permission denied in [/var/www/html/lib/Cake/Model/ConnectionManager.php, line 69]
Trace:
ConnectionManager::_init() - CORE/Cake/Model/ConnectionManager.php, line 69
ConnectionManager::_init() - CORE/Cake/Model/ConnectionManager.php, line 69
ConnectionManager::getDataSource() - CORE/Cake/Model/ConnectionManager.php, line 85
Model::setDataSource() - CORE/Cake/Model/Model.php, line 3288
Model::setSource() - CORE/Cake/Model/Model.php, line 1107
Model::getDataSource() - CORE/Cake/Model/Model.php, line 3310
Model::schema() - CORE/Cake/Model/Model.php, line 1318
FormHelper::_introspectModel() - CORE/Cake/View/Helper/FormHelper.php, line 199
FormHelper::create() - CORE/Cake/View/Helper/FormHelper.php, line 451
include - APP/View/admin/login.ctp, line 4
View::_evaluate() - CORE/Cake/View/View.php, line 931
View::_render() - CORE/Cake/View/View.php, line 893
View::render() - CORE/Cake/View/View.php, line 462
Controller::render() - CORE/Cake/Controller/Controller.php, line 952
AdminController::login() - APP/Controller/AdminController.php, line 48
ReflectionMethod::invokeArgs() - [internal], line ??
Controller::invokeAction() - CORE/Cake/Controller/Controller.php, line 490
Dispatcher::_invoke() - CORE/Cake/Routing/Dispatcher.php, line 187
Dispatcher::dispatch() - CORE/Cake/Routing/Dispatcher.php, line 162
require - APP/webroot/index.php, line 110
[main] - ROOT/index.php, line 43

2014-11-24 12:06:40 Warning: Warning (2): include_once() [http://php.net/function.include]: Failed opening '/var/www/html/app/Config/database.php' for inclusion (include_path='.:/usr/share/pear:/usr/share/php') in [/var/www/html/lib/Cake/Model/ConnectionManager.php, line 69]
Trace:
ConnectionManager::_init() - CORE/Cake/Model/ConnectionManager.php, line 69
ConnectionManager::_init() - CORE/Cake/Model/ConnectionManager.php, line 69
ConnectionManager::getDataSource() - CORE/Cake/Model/ConnectionManager.php, line 85
Model::setDataSource() - CORE/Cake/Model/Model.php, line 3288
Model::setSource() - CORE/Cake/Model/Model.php, line 1107
Model::getDataSource() - CORE/Cake/Model/Model.php, line 3310
Model::schema() - CORE/Cake/Model/Model.php, line 1318
FormHelper::_introspectModel() - CORE/Cake/View/Helper/FormHelper.php, line 199
FormHelper::create() - CORE/Cake/View/Helper/FormHelper.php, line 451
include - APP/View/admin/login.ctp, line 4
View::_evaluate() - CORE/Cake/View/View.php, line 931
View::_render() - CORE/Cake/View/View.php, line 893
View::render() - CORE/Cake/View/View.php, line 462
Controller::render() - CORE/Cake/Controller/Controller.php, line 952
AdminController::login() - APP/Controller/AdminController.php, line 48
ReflectionMethod::invokeArgs() - [internal], line ??
Controller::invokeAction() - CORE/Cake/Controller/Controller.php, line 490
Dispatcher::_invoke() - CORE/Cake/Routing/Dispatcher.php, line 187
Dispatcher::dispatch() - CORE/Cake/Routing/Dispatcher.php, line 162
require - APP/webroot/index.php, line 110
[main] - ROOT/index.php, line 43

2014-11-24 12:06:40 Warning: Warning (2): date() [http://php.net/function.date]: It is not safe to rely on the system's timezone settings. You are *required* to use the date.timezone setting or the date_default_timezone_set() function. In case you used any of those methods and you are still getting this warning, you most likely misspelled the timezone identifier. We selected 'UTC' for 'UTC/0.0/no DST' instead in [/var/www/html/lib/Cake/Log/Engine/FileLog.php, line 136]
Trace:
date - [internal], line ??
FileLog::write() - CORE/Cake/Log/Engine/FileLog.php, line 136
CakeLog::write() - CORE/Cake/Log/CakeLog.php, line 454
ErrorHandler::_log() - CORE/Cake/Error/ErrorHandler.php, line 180
ErrorHandler::handleException() - CORE/Cake/Error/ErrorHandler.php, line 113
[main] - [internal], line ??

2014-11-24 12:06:40 Error: [MissingDatasourceConfigException] The datasource configuration "mongo" was not found in database.php
Exception Attributes: array (
  'config' => 'mongo',
)
Request URL: /
Stack Trace:
#0 /var/www/html/lib/Cake/Model/ConnectionManager.php(93): ConnectionManager::_getConnectionObject('mongo')
#1 /var/www/html/lib/Cake/Model/Model.php(3288): ConnectionManager::getDataSource('mongo')
#2 /var/www/html/lib/Cake/Model/Model.php(1107): Model->setDataSource('mongo')
#3 /var/www/html/lib/Cake/Model/Model.php(3310): Model->setSource('admins')
#4 /var/www/html/lib/Cake/Model/Model.php(1318): Model->getDataSource()
#5 /var/www/html/lib/Cake/View/Helper/FormHelper.php(199): Model->schema()
#6 /var/www/html/lib/Cake/View/Helper/FormHelper.php(451): FormHelper->_introspectModel('Admin', 'fields')
#7 /var/www/html/app/View/admin/login.ctp(4): FormHelper->create('Admin', Array)
#8 /var/www/html/lib/Cake/View/View.php(931): include('/var/www/html/a...')
#9 /var/www/html/lib/Cake/View/View.php(893): View->_evaluate('/var/www/html/a...', Array)
#10 /var/www/html/lib/Cake/View/View.php(462): View->_render('/var/www/html/a...')
#11 /var/www/html/lib/Cake/Controller/Controller.php(952): View->render('/admin/login', NULL)
#12 /var/www/html/app/Controller/AdminController.php(48): Controller->render('/admin/login')
#13 [internal function]: AdminController->login()
#14 /var/www/html/lib/Cake/Controller/Controller.php(490): ReflectionMethod->invokeArgs(Object(AdminController), Array)
#15 /var/www/html/lib/Cake/Routing/Dispatcher.php(187): Controller->invokeAction(Object(CakeRequest))
#16 /var/www/html/lib/Cake/Routing/Dispatcher.php(162): Dispatcher->_invoke(Object(AdminController), Object(CakeRequest), Object(CakeResponse))
#17 /var/www/html/app/webroot/index.php(110): Dispatcher->dispatch(Object(CakeRequest), Object(CakeResponse))
#18 /var/www/html/index.php(43): require('/var/www/html/a...')
#19 {main}
2014-11-24 12:07:38 Warning: Warning (2): date(): It is not safe to rely on the system's timezone settings. You are *required* to use the date.timezone setting or the date_default_timezone_set() function. In case you used any of those methods and you are still getting this warning, you most likely misspelled the timezone identifier. We selected 'UTC' for 'UTC/0.0/no DST' instead in [/var/www/html/lib/Cake/Log/Engine/FileLog.php, line 136]
Trace:
date - [internal], line ??
FileLog::write() - CORE/Cake/Log/Engine/FileLog.php, line 136
CakeLog::write() - CORE/Cake/Log/CakeLog.php, line 454
ErrorHandler::_log() - CORE/Cake/Error/ErrorHandler.php, line 180
ErrorHandler::handleException() - CORE/Cake/Error/ErrorHandler.php, line 113
[main] - [internal], line ??

2014-11-24 12:07:38 Error: [MissingDatasourceException] Datasource class MongodbSource could not be found. Mongodb
Exception Attributes: array (
  'class' => 'MongodbSource',
  'plugin' => 'Mongodb',
)
Request URL: /
Stack Trace:
#0 /var/www/html/lib/Cake/Model/ConnectionManager.php(96): ConnectionManager::loadDataSource('mongo')
#1 /var/www/html/lib/Cake/Model/Model.php(3288): ConnectionManager::getDataSource('mongo')
#2 /var/www/html/lib/Cake/Model/Model.php(1107): Model->setDataSource('mongo')
#3 /var/www/html/lib/Cake/Model/Model.php(3310): Model->setSource('admins')
#4 /var/www/html/lib/Cake/Model/Model.php(1318): Model->getDataSource()
#5 /var/www/html/lib/Cake/View/Helper/FormHelper.php(199): Model->schema()
#6 /var/www/html/lib/Cake/View/Helper/FormHelper.php(451): FormHelper->_introspectModel('Admin', 'fields')
#7 /var/www/html/app/View/admin/login.ctp(4): FormHelper->create('Admin', Array)
#8 /var/www/html/lib/Cake/View/View.php(931): include('/var/www/html/a...')
#9 /var/www/html/lib/Cake/View/View.php(893): View->_evaluate('/var/www/html/a...', Array)
#10 /var/www/html/lib/Cake/View/View.php(462): View->_render('/var/www/html/a...')
#11 /var/www/html/lib/Cake/Controller/Controller.php(952): View->render('/admin/login', NULL)
#12 /var/www/html/app/Controller/AdminController.php(48): Controller->render('/admin/login')
#13 [internal function]: AdminController->login()
#14 /var/www/html/lib/Cake/Controller/Controller.php(490): ReflectionMethod->invokeArgs(Object(AdminController), Array)
#15 /var/www/html/lib/Cake/Routing/Dispatcher.php(187): Controller->invokeAction(Object(CakeRequest))
#16 /var/www/html/lib/Cake/Routing/Dispatcher.php(162): Dispatcher->_invoke(Object(AdminController), Object(CakeRequest), Object(CakeResponse))
#17 /var/www/html/app/webroot/index.php(110): Dispatcher->dispatch(Object(CakeRequest), Object(CakeResponse))
#18 /var/www/html/index.php(43): require('/var/www/html/a...')
#19 {main}
2014-11-24 12:07:52 Warning: Warning (2): include_once(/home/clickindev/database.php): failed to open stream: Permission denied in [/var/www/html/lib/Cake/Model/ConnectionManager.php, line 69]
Trace:
ConnectionManager::_init() - CORE/Cake/Model/ConnectionManager.php, line 69
ConnectionManager::_init() - CORE/Cake/Model/ConnectionManager.php, line 69
ConnectionManager::getDataSource() - CORE/Cake/Model/ConnectionManager.php, line 85
Model::setDataSource() - CORE/Cake/Model/Model.php, line 3288
Model::setSource() - CORE/Cake/Model/Model.php, line 1107
Model::getDataSource() - CORE/Cake/Model/Model.php, line 3310
Model::schema() - CORE/Cake/Model/Model.php, line 1318
FormHelper::_introspectModel() - CORE/Cake/View/Helper/FormHelper.php, line 199
FormHelper::create() - CORE/Cake/View/Helper/FormHelper.php, line 451
include - APP/View/admin/login.ctp, line 4
View::_evaluate() - CORE/Cake/View/View.php, line 931
View::_render() - CORE/Cake/View/View.php, line 893
View::render() - CORE/Cake/View/View.php, line 462
Controller::render() - CORE/Cake/Controller/Controller.php, line 952
AdminController::login() - APP/Controller/AdminController.php, line 48
ReflectionMethod::invokeArgs() - [internal], line ??
Controller::invokeAction() - CORE/Cake/Controller/Controller.php, line 490
Dispatcher::_invoke() - CORE/Cake/Routing/Dispatcher.php, line 187
Dispatcher::dispatch() - CORE/Cake/Routing/Dispatcher.php, line 162
require - APP/webroot/index.php, line 110
[main] - ROOT/index.php, line 43

2014-11-24 12:07:52 Warning: Warning (2): include_once() [http://php.net/function.include]: Failed opening '/var/www/html/app/Config/database.php' for inclusion (include_path='.:/usr/share/pear:/usr/share/php') in [/var/www/html/lib/Cake/Model/ConnectionManager.php, line 69]
Trace:
ConnectionManager::_init() - CORE/Cake/Model/ConnectionManager.php, line 69
ConnectionManager::_init() - CORE/Cake/Model/ConnectionManager.php, line 69
ConnectionManager::getDataSource() - CORE/Cake/Model/ConnectionManager.php, line 85
Model::setDataSource() - CORE/Cake/Model/Model.php, line 3288
Model::setSource() - CORE/Cake/Model/Model.php, line 1107
Model::getDataSource() - CORE/Cake/Model/Model.php, line 3310
Model::schema() - CORE/Cake/Model/Model.php, line 1318
FormHelper::_introspectModel() - CORE/Cake/View/Helper/FormHelper.php, line 199
FormHelper::create() - CORE/Cake/View/Helper/FormHelper.php, line 451
include - APP/View/admin/login.ctp, line 4
View::_evaluate() - CORE/Cake/View/View.php, line 931
View::_render() - CORE/Cake/View/View.php, line 893
View::render() - CORE/Cake/View/View.php, line 462
Controller::render() - CORE/Cake/Controller/Controller.php, line 952
AdminController::login() - APP/Controller/AdminController.php, line 48
ReflectionMethod::invokeArgs() - [internal], line ??
Controller::invokeAction() - CORE/Cake/Controller/Controller.php, line 490
Dispatcher::_invoke() - CORE/Cake/Routing/Dispatcher.php, line 187
Dispatcher::dispatch() - CORE/Cake/Routing/Dispatcher.php, line 162
require - APP/webroot/index.php, line 110
[main] - ROOT/index.php, line 43

2014-11-24 12:07:52 Warning: Warning (2): date() [http://php.net/function.date]: It is not safe to rely on the system's timezone settings. You are *required* to use the date.timezone setting or the date_default_timezone_set() function. In case you used any of those methods and you are still getting this warning, you most likely misspelled the timezone identifier. We selected 'UTC' for 'UTC/0.0/no DST' instead in [/var/www/html/lib/Cake/Log/Engine/FileLog.php, line 136]
Trace:
date - [internal], line ??
FileLog::write() - CORE/Cake/Log/Engine/FileLog.php, line 136
CakeLog::write() - CORE/Cake/Log/CakeLog.php, line 454
ErrorHandler::_log() - CORE/Cake/Error/ErrorHandler.php, line 180
ErrorHandler::handleException() - CORE/Cake/Error/ErrorHandler.php, line 113
[main] - [internal], line ??

2014-11-24 12:07:52 Error: [MissingDatasourceConfigException] The datasource configuration "mongo" was not found in database.php
Exception Attributes: array (
  'config' => 'mongo',
)
Request URL: /
Stack Trace:
#0 /var/www/html/lib/Cake/Model/ConnectionManager.php(93): ConnectionManager::_getConnectionObject('mongo')
#1 /var/www/html/lib/Cake/Model/Model.php(3288): ConnectionManager::getDataSource('mongo')
#2 /var/www/html/lib/Cake/Model/Model.php(1107): Model->setDataSource('mongo')
#3 /var/www/html/lib/Cake/Model/Model.php(3310): Model->setSource('admins')
#4 /var/www/html/lib/Cake/Model/Model.php(1318): Model->getDataSource()
#5 /var/www/html/lib/Cake/View/Helper/FormHelper.php(199): Model->schema()
#6 /var/www/html/lib/Cake/View/Helper/FormHelper.php(451): FormHelper->_introspectModel('Admin', 'fields')
#7 /var/www/html/app/View/admin/login.ctp(4): FormHelper->create('Admin', Array)
#8 /var/www/html/lib/Cake/View/View.php(931): include('/var/www/html/a...')
#9 /var/www/html/lib/Cake/View/View.php(893): View->_evaluate('/var/www/html/a...', Array)
#10 /var/www/html/lib/Cake/View/View.php(462): View->_render('/var/www/html/a...')
#11 /var/www/html/lib/Cake/Controller/Controller.php(952): View->render('/admin/login', NULL)
#12 /var/www/html/app/Controller/AdminController.php(48): Controller->render('/admin/login')
#13 [internal function]: AdminController->login()
#14 /var/www/html/lib/Cake/Controller/Controller.php(490): ReflectionMethod->invokeArgs(Object(AdminController), Array)
#15 /var/www/html/lib/Cake/Routing/Dispatcher.php(187): Controller->invokeAction(Object(CakeRequest))
#16 /var/www/html/lib/Cake/Routing/Dispatcher.php(162): Dispatcher->_invoke(Object(AdminController), Object(CakeRequest), Object(CakeResponse))
#17 /var/www/html/app/webroot/index.php(110): Dispatcher->dispatch(Object(CakeRequest), Object(CakeResponse))
#18 /var/www/html/index.php(43): require('/var/www/html/a...')
#19 {main}
2014-11-24 12:09:25 Warning: Warning (2): date(): It is not safe to rely on the system's timezone settings. You are *required* to use the date.timezone setting or the date_default_timezone_set() function. In case you used any of those methods and you are still getting this warning, you most likely misspelled the timezone identifier. We selected 'UTC' for 'UTC/0.0/no DST' instead in [/var/www/html/lib/Cake/Log/Engine/FileLog.php, line 136]
Trace:
date - [internal], line ??
FileLog::write() - CORE/Cake/Log/Engine/FileLog.php, line 136
CakeLog::write() - CORE/Cake/Log/CakeLog.php, line 454
ErrorHandler::_log() - CORE/Cake/Error/ErrorHandler.php, line 180
ErrorHandler::handleException() - CORE/Cake/Error/ErrorHandler.php, line 113
[main] - [internal], line ??

2014-11-24 12:09:25 Error: [MissingDatasourceException] Datasource class MongodbSource could not be found. Mongodb
Exception Attributes: array (
  'class' => 'MongodbSource',
  'plugin' => 'Mongodb',
)
Request URL: /
Stack Trace:
#0 /var/www/html/lib/Cake/Model/ConnectionManager.php(96): ConnectionManager::loadDataSource('mongo')
#1 /var/www/html/lib/Cake/Model/Model.php(3288): ConnectionManager::getDataSource('mongo')
#2 /var/www/html/lib/Cake/Model/Model.php(1107): Model->setDataSource('mongo')
#3 /var/www/html/lib/Cake/Model/Model.php(3310): Model->setSource('admins')
#4 /var/www/html/lib/Cake/Model/Model.php(1318): Model->getDataSource()
#5 /var/www/html/lib/Cake/View/Helper/FormHelper.php(199): Model->schema()
#6 /var/www/html/lib/Cake/View/Helper/FormHelper.php(451): FormHelper->_introspectModel('Admin', 'fields')
#7 /var/www/html/app/View/admin/login.ctp(4): FormHelper->create('Admin', Array)
#8 /var/www/html/lib/Cake/View/View.php(931): include('/var/www/html/a...')
#9 /var/www/html/lib/Cake/View/View.php(893): View->_evaluate('/var/www/html/a...', Array)
#10 /var/www/html/lib/Cake/View/View.php(462): View->_render('/var/www/html/a...')
#11 /var/www/html/lib/Cake/Controller/Controller.php(952): View->render('/admin/login', NULL)
#12 /var/www/html/app/Controller/AdminController.php(48): Controller->render('/admin/login')
#13 [internal function]: AdminController->login()
#14 /var/www/html/lib/Cake/Controller/Controller.php(490): ReflectionMethod->invokeArgs(Object(AdminController), Array)
#15 /var/www/html/lib/Cake/Routing/Dispatcher.php(187): Controller->invokeAction(Object(CakeRequest))
#16 /var/www/html/lib/Cake/Routing/Dispatcher.php(162): Dispatcher->_invoke(Object(AdminController), Object(CakeRequest), Object(CakeResponse))
#17 /var/www/html/app/webroot/index.php(110): Dispatcher->dispatch(Object(CakeRequest), Object(CakeResponse))
#18 /var/www/html/index.php(43): require('/var/www/html/a...')
#19 {main}
2014-11-24 12:09:55 Warning: Warning (2): date(): It is not safe to rely on the system's timezone settings. You are *required* to use the date.timezone setting or the date_default_timezone_set() function. In case you used any of those methods and you are still getting this warning, you most likely misspelled the timezone identifier. We selected 'UTC' for 'UTC/0.0/no DST' instead in [/var/www/html/lib/Cake/Log/Engine/FileLog.php, line 136]
Trace:
date - [internal], line ??
FileLog::write() - CORE/Cake/Log/Engine/FileLog.php, line 136
CakeLog::write() - CORE/Cake/Log/CakeLog.php, line 454
ErrorHandler::_log() - CORE/Cake/Error/ErrorHandler.php, line 180
ErrorHandler::handleException() - CORE/Cake/Error/ErrorHandler.php, line 113
[main] - [internal], line ??

2014-11-24 12:09:55 Error: [MissingDatasourceException] Datasource class MongodbSource could not be found. Mongodb
Exception Attributes: array (
  'class' => 'MongodbSource',
  'plugin' => 'Mongodb',
)
Request URL: /
Stack Trace:
#0 /var/www/html/lib/Cake/Model/ConnectionManager.php(96): ConnectionManager::loadDataSource('mongo')
#1 /var/www/html/lib/Cake/Model/Model.php(3288): ConnectionManager::getDataSource('mongo')
#2 /var/www/html/lib/Cake/Model/Model.php(1107): Model->setDataSource('mongo')
#3 /var/www/html/lib/Cake/Model/Model.php(3310): Model->setSource('admins')
#4 /var/www/html/lib/Cake/Model/Model.php(1318): Model->getDataSource()
#5 /var/www/html/lib/Cake/View/Helper/FormHelper.php(199): Model->schema()
#6 /var/www/html/lib/Cake/View/Helper/FormHelper.php(451): FormHelper->_introspectModel('Admin', 'fields')
#7 /var/www/html/app/View/admin/login.ctp(4): FormHelper->create('Admin', Array)
#8 /var/www/html/lib/Cake/View/View.php(931): include('/var/www/html/a...')
#9 /var/www/html/lib/Cake/View/View.php(893): View->_evaluate('/var/www/html/a...', Array)
#10 /var/www/html/lib/Cake/View/View.php(462): View->_render('/var/www/html/a...')
#11 /var/www/html/lib/Cake/Controller/Controller.php(952): View->render('/admin/login', NULL)
#12 /var/www/html/app/Controller/AdminController.php(48): Controller->render('/admin/login')
#13 [internal function]: AdminController->login()
#14 /var/www/html/lib/Cake/Controller/Controller.php(490): ReflectionMethod->invokeArgs(Object(AdminController), Array)
#15 /var/www/html/lib/Cake/Routing/Dispatcher.php(187): Controller->invokeAction(Object(CakeRequest))
#16 /var/www/html/lib/Cake/Routing/Dispatcher.php(162): Dispatcher->_invoke(Object(AdminController), Object(CakeRequest), Object(CakeResponse))
#17 /var/www/html/app/webroot/index.php(110): Dispatcher->dispatch(Object(CakeRequest), Object(CakeResponse))
#18 /var/www/html/index.php(43): require('/var/www/html/a...')
#19 {main}
2014-11-24 12:15:26 Warning: Warning (2): date(): It is not safe to rely on the system's timezone settings. You are *required* to use the date.timezone setting or the date_default_timezone_set() function. In case you used any of those methods and you are still getting this warning, you most likely misspelled the timezone identifier. We selected 'UTC' for 'UTC/0.0/no DST' instead in [/var/www/html/lib/Cake/Log/Engine/FileLog.php, line 136]
Trace:
date - [internal], line ??
FileLog::write() - CORE/Cake/Log/Engine/FileLog.php, line 136
CakeLog::write() - CORE/Cake/Log/CakeLog.php, line 454
ErrorHandler::_log() - CORE/Cake/Error/ErrorHandler.php, line 180
ErrorHandler::handleException() - CORE/Cake/Error/ErrorHandler.php, line 113
[main] - [internal], line ??

2014-11-24 12:15:26 Error: [MissingDatasourceException] Datasource class MongodbSource could not be found. Mongodb
Exception Attributes: array (
  'class' => 'MongodbSource',
  'plugin' => 'Mongodb',
)
Request URL: /
Stack Trace:
#0 /var/www/html/lib/Cake/Model/ConnectionManager.php(96): ConnectionManager::loadDataSource('mongo')
#1 /var/www/html/lib/Cake/Model/Model.php(3288): ConnectionManager::getDataSource('mongo')
#2 /var/www/html/lib/Cake/Model/Model.php(1107): Model->setDataSource('mongo')
#3 /var/www/html/lib/Cake/Model/Model.php(3310): Model->setSource('admins')
#4 /var/www/html/lib/Cake/Model/Model.php(1318): Model->getDataSource()
#5 /var/www/html/lib/Cake/View/Helper/FormHelper.php(199): Model->schema()
#6 /var/www/html/lib/Cake/View/Helper/FormHelper.php(451): FormHelper->_introspectModel('Admin', 'fields')
#7 /var/www/html/app/View/admin/login.ctp(4): FormHelper->create('Admin', Array)
#8 /var/www/html/lib/Cake/View/View.php(931): include('/var/www/html/a...')
#9 /var/www/html/lib/Cake/View/View.php(893): View->_evaluate('/var/www/html/a...', Array)
#10 /var/www/html/lib/Cake/View/View.php(462): View->_render('/var/www/html/a...')
#11 /var/www/html/lib/Cake/Controller/Controller.php(952): View->render('/admin/login', NULL)
#12 /var/www/html/app/Controller/AdminController.php(48): Controller->render('/admin/login')
#13 [internal function]: AdminController->login()
#14 /var/www/html/lib/Cake/Controller/Controller.php(490): ReflectionMethod->invokeArgs(Object(AdminController), Array)
#15 /var/www/html/lib/Cake/Routing/Dispatcher.php(187): Controller->invokeAction(Object(CakeRequest))
#16 /var/www/html/lib/Cake/Routing/Dispatcher.php(162): Dispatcher->_invoke(Object(AdminController), Object(CakeRequest), Object(CakeResponse))
#17 /var/www/html/app/webroot/index.php(110): Dispatcher->dispatch(Object(CakeRequest), Object(CakeResponse))
#18 /var/www/html/index.php(43): require('/var/www/html/a...')
#19 {main}
2014-11-24 12:15:31 Warning: Warning (2): date(): It is not safe to rely on the system's timezone settings. You are *required* to use the date.timezone setting or the date_default_timezone_set() function. In case you used any of those methods and you are still getting this warning, you most likely misspelled the timezone identifier. We selected 'UTC' for 'UTC/0.0/no DST' instead in [/var/www/html/lib/Cake/Log/Engine/FileLog.php, line 136]
Trace:
date - [internal], line ??
FileLog::write() - CORE/Cake/Log/Engine/FileLog.php, line 136
CakeLog::write() - CORE/Cake/Log/CakeLog.php, line 454
ErrorHandler::_log() - CORE/Cake/Error/ErrorHandler.php, line 180
ErrorHandler::handleException() - CORE/Cake/Error/ErrorHandler.php, line 113
[main] - [internal], line ??

2014-11-24 12:15:31 Error: [MissingDatasourceException] Datasource class MongodbSource could not be found. Mongodb
Exception Attributes: array (
  'class' => 'MongodbSource',
  'plugin' => 'Mongodb',
)
Request URL: /
Stack Trace:
#0 /var/www/html/lib/Cake/Model/ConnectionManager.php(96): ConnectionManager::loadDataSource('mongo')
#1 /var/www/html/lib/Cake/Model/Model.php(3288): ConnectionManager::getDataSource('mongo')
#2 /var/www/html/lib/Cake/Model/Model.php(1107): Model->setDataSource('mongo')
#3 /var/www/html/lib/Cake/Model/Model.php(3310): Model->setSource('admins')
#4 /var/www/html/lib/Cake/Model/Model.php(1318): Model->getDataSource()
#5 /var/www/html/lib/Cake/View/Helper/FormHelper.php(199): Model->schema()
#6 /var/www/html/lib/Cake/View/Helper/FormHelper.php(451): FormHelper->_introspectModel('Admin', 'fields')
#7 /var/www/html/app/View/admin/login.ctp(4): FormHelper->create('Admin', Array)
#8 /var/www/html/lib/Cake/View/View.php(931): include('/var/www/html/a...')
#9 /var/www/html/lib/Cake/View/View.php(893): View->_evaluate('/var/www/html/a...', Array)
#10 /var/www/html/lib/Cake/View/View.php(462): View->_render('/var/www/html/a...')
#11 /var/www/html/lib/Cake/Controller/Controller.php(952): View->render('/admin/login', NULL)
#12 /var/www/html/app/Controller/AdminController.php(48): Controller->render('/admin/login')
#13 [internal function]: AdminController->login()
#14 /var/www/html/lib/Cake/Controller/Controller.php(490): ReflectionMethod->invokeArgs(Object(AdminController), Array)
#15 /var/www/html/lib/Cake/Routing/Dispatcher.php(187): Controller->invokeAction(Object(CakeRequest))
#16 /var/www/html/lib/Cake/Routing/Dispatcher.php(162): Dispatcher->_invoke(Object(AdminController), Object(CakeRequest), Object(CakeResponse))
#17 /var/www/html/app/webroot/index.php(110): Dispatcher->dispatch(Object(CakeRequest), Object(CakeResponse))
#18 /var/www/html/index.php(43): require('/var/www/html/a...')
#19 {main}
2014-11-24 12:15:43 Warning: Warning (2): date(): It is not safe to rely on the system's timezone settings. You are *required* to use the date.timezone setting or the date_default_timezone_set() function. In case you used any of those methods and you are still getting this warning, you most likely misspelled the timezone identifier. We selected 'UTC' for 'UTC/0.0/no DST' instead in [/var/www/html/lib/Cake/Log/Engine/FileLog.php, line 136]
Trace:
date - [internal], line ??
FileLog::write() - CORE/Cake/Log/Engine/FileLog.php, line 136
CakeLog::write() - CORE/Cake/Log/CakeLog.php, line 454
ErrorHandler::_log() - CORE/Cake/Error/ErrorHandler.php, line 180
ErrorHandler::handleException() - CORE/Cake/Error/ErrorHandler.php, line 113
[main] - [internal], line ??

2014-11-24 12:15:43 Error: [MissingDatasourceException] Datasource class MongodbSource could not be found. Mongodb
Exception Attributes: array (
  'class' => 'MongodbSource',
  'plugin' => 'Mongodb',
)
Request URL: /
Stack Trace:
#0 /var/www/html/lib/Cake/Model/ConnectionManager.php(96): ConnectionManager::loadDataSource('mongo')
#1 /var/www/html/lib/Cake/Model/Model.php(3288): ConnectionManager::getDataSource('mongo')
#2 /var/www/html/lib/Cake/Model/Model.php(1107): Model->setDataSource('mongo')
#3 /var/www/html/lib/Cake/Model/Model.php(3310): Model->setSource('admins')
#4 /var/www/html/lib/Cake/Model/Model.php(1318): Model->getDataSource()
#5 /var/www/html/lib/Cake/View/Helper/FormHelper.php(199): Model->schema()
#6 /var/www/html/lib/Cake/View/Helper/FormHelper.php(451): FormHelper->_introspectModel('Admin', 'fields')
#7 /var/www/html/app/View/admin/login.ctp(4): FormHelper->create('Admin', Array)
#8 /var/www/html/lib/Cake/View/View.php(931): include('/var/www/html/a...')
#9 /var/www/html/lib/Cake/View/View.php(893): View->_evaluate('/var/www/html/a...', Array)
#10 /var/www/html/lib/Cake/View/View.php(462): View->_render('/var/www/html/a...')
#11 /var/www/html/lib/Cake/Controller/Controller.php(952): View->render('/admin/login', NULL)
#12 /var/www/html/app/Controller/AdminController.php(48): Controller->render('/admin/login')
#13 [internal function]: AdminController->login()
#14 /var/www/html/lib/Cake/Controller/Controller.php(490): ReflectionMethod->invokeArgs(Object(AdminController), Array)
#15 /var/www/html/lib/Cake/Routing/Dispatcher.php(187): Controller->invokeAction(Object(CakeRequest))
#16 /var/www/html/lib/Cake/Routing/Dispatcher.php(162): Dispatcher->_invoke(Object(AdminController), Object(CakeRequest), Object(CakeResponse))
#17 /var/www/html/app/webroot/index.php(110): Dispatcher->dispatch(Object(CakeRequest), Object(CakeResponse))
#18 /var/www/html/index.php(43): require('/var/www/html/a...')
#19 {main}
2014-11-24 12:16:00 Warning: Warning (2): date(): It is not safe to rely on the system's timezone settings. You are *required* to use the date.timezone setting or the date_default_timezone_set() function. In case you used any of those methods and you are still getting this warning, you most likely misspelled the timezone identifier. We selected 'UTC' for 'UTC/0.0/no DST' instead in [/var/www/html/lib/Cake/Log/Engine/FileLog.php, line 136]
Trace:
date - [internal], line ??
FileLog::write() - CORE/Cake/Log/Engine/FileLog.php, line 136
CakeLog::write() - CORE/Cake/Log/CakeLog.php, line 454
ErrorHandler::_log() - CORE/Cake/Error/ErrorHandler.php, line 180
ErrorHandler::handleException() - CORE/Cake/Error/ErrorHandler.php, line 113
[main] - [internal], line ??

2014-11-24 12:16:00 Error: [MissingDatasourceException] Datasource class MongodbSource could not be found. Mongodb
Exception Attributes: array (
  'class' => 'MongodbSource',
  'plugin' => 'Mongodb',
)
Request URL: /
Stack Trace:
#0 /var/www/html/lib/Cake/Model/ConnectionManager.php(96): ConnectionManager::loadDataSource('mongo')
#1 /var/www/html/lib/Cake/Model/Model.php(3288): ConnectionManager::getDataSource('mongo')
#2 /var/www/html/lib/Cake/Model/Model.php(1107): Model->setDataSource('mongo')
#3 /var/www/html/lib/Cake/Model/Model.php(3310): Model->setSource('admins')
#4 /var/www/html/lib/Cake/Model/Model.php(1318): Model->getDataSource()
#5 /var/www/html/lib/Cake/View/Helper/FormHelper.php(199): Model->schema()
#6 /var/www/html/lib/Cake/View/Helper/FormHelper.php(451): FormHelper->_introspectModel('Admin', 'fields')
#7 /var/www/html/app/View/admin/login.ctp(4): FormHelper->create('Admin', Array)
#8 /var/www/html/lib/Cake/View/View.php(931): include('/var/www/html/a...')
#9 /var/www/html/lib/Cake/View/View.php(893): View->_evaluate('/var/www/html/a...', Array)
#10 /var/www/html/lib/Cake/View/View.php(462): View->_render('/var/www/html/a...')
#11 /var/www/html/lib/Cake/Controller/Controller.php(952): View->render('/admin/login', NULL)
#12 /var/www/html/app/Controller/AdminController.php(48): Controller->render('/admin/login')
#13 [internal function]: AdminController->login()
#14 /var/www/html/lib/Cake/Controller/Controller.php(490): ReflectionMethod->invokeArgs(Object(AdminController), Array)
#15 /var/www/html/lib/Cake/Routing/Dispatcher.php(187): Controller->invokeAction(Object(CakeRequest))
#16 /var/www/html/lib/Cake/Routing/Dispatcher.php(162): Dispatcher->_invoke(Object(AdminController), Object(CakeRequest), Object(CakeResponse))
#17 /var/www/html/app/webroot/index.php(110): Dispatcher->dispatch(Object(CakeRequest), Object(CakeResponse))
#18 /var/www/html/index.php(43): require('/var/www/html/a...')
#19 {main}
2014-11-24 12:17:14 Error: [MissingDatasourceException] Datasource class MongodbSource could not be found. Mongodb
Exception Attributes: array (
  'class' => 'MongodbSource',
  'plugin' => 'Mongodb',
)
Request URL: /
Stack Trace:
#0 /var/www/html/lib/Cake/Model/ConnectionManager.php(96): ConnectionManager::loadDataSource('mongo')
#1 /var/www/html/lib/Cake/Model/Model.php(3288): ConnectionManager::getDataSource('mongo')
#2 /var/www/html/lib/Cake/Model/Model.php(1107): Model->setDataSource('mongo')
#3 /var/www/html/lib/Cake/Model/Model.php(3310): Model->setSource('admins')
#4 /var/www/html/lib/Cake/Model/Model.php(1318): Model->getDataSource()
#5 /var/www/html/lib/Cake/View/Helper/FormHelper.php(199): Model->schema()
#6 /var/www/html/lib/Cake/View/Helper/FormHelper.php(451): FormHelper->_introspectModel('Admin', 'fields')
#7 /var/www/html/app/View/admin/login.ctp(4): FormHelper->create('Admin', Array)
#8 /var/www/html/lib/Cake/View/View.php(931): include('/var/www/html/a...')
#9 /var/www/html/lib/Cake/View/View.php(893): View->_evaluate('/var/www/html/a...', Array)
#10 /var/www/html/lib/Cake/View/View.php(462): View->_render('/var/www/html/a...')
#11 /var/www/html/lib/Cake/Controller/Controller.php(952): View->render('/admin/login', NULL)
#12 /var/www/html/app/Controller/AdminController.php(48): Controller->render('/admin/login')
#13 [internal function]: AdminController->login()
#14 /var/www/html/lib/Cake/Controller/Controller.php(490): ReflectionMethod->invokeArgs(Object(AdminController), Array)
#15 /var/www/html/lib/Cake/Routing/Dispatcher.php(187): Controller->invokeAction(Object(CakeRequest))
#16 /var/www/html/lib/Cake/Routing/Dispatcher.php(162): Dispatcher->_invoke(Object(AdminController), Object(CakeRequest), Object(CakeResponse))
#17 /var/www/html/app/webroot/index.php(110): Dispatcher->dispatch(Object(CakeRequest), Object(CakeResponse))
#18 /var/www/html/index.php(43): require('/var/www/html/a...')
#19 {main}
2014-11-24 12:25:09 Error: [MissingDatasourceException] Datasource class MongodbSource could not be found. Mongodb
Exception Attributes: array (
  'class' => 'MongodbSource',
  'plugin' => 'Mongodb',
)
Request URL: /
Stack Trace:
#0 /var/www/html/lib/Cake/Model/ConnectionManager.php(96): ConnectionManager::loadDataSource('mongo')
#1 /var/www/html/lib/Cake/Model/Model.php(3288): ConnectionManager::getDataSource('mongo')
#2 /var/www/html/lib/Cake/Model/Model.php(1107): Model->setDataSource('mongo')
#3 /var/www/html/lib/Cake/Model/Model.php(3310): Model->setSource('admins')
#4 /var/www/html/lib/Cake/Model/Model.php(1318): Model->getDataSource()
#5 /var/www/html/lib/Cake/View/Helper/FormHelper.php(199): Model->schema()
#6 /var/www/html/lib/Cake/View/Helper/FormHelper.php(451): FormHelper->_introspectModel('Admin', 'fields')
#7 /var/www/html/app/View/admin/login.ctp(4): FormHelper->create('Admin', Array)
#8 /var/www/html/lib/Cake/View/View.php(931): include('/var/www/html/a...')
#9 /var/www/html/lib/Cake/View/View.php(893): View->_evaluate('/var/www/html/a...', Array)
#10 /var/www/html/lib/Cake/View/View.php(462): View->_render('/var/www/html/a...')
#11 /var/www/html/lib/Cake/Controller/Controller.php(952): View->render('/admin/login', NULL)
#12 /var/www/html/app/Controller/AdminController.php(48): Controller->render('/admin/login')
#13 [internal function]: AdminController->login()
#14 /var/www/html/lib/Cake/Controller/Controller.php(490): ReflectionMethod->invokeArgs(Object(AdminController), Array)
#15 /var/www/html/lib/Cake/Routing/Dispatcher.php(187): Controller->invokeAction(Object(CakeRequest))
#16 /var/www/html/lib/Cake/Routing/Dispatcher.php(162): Dispatcher->_invoke(Object(AdminController), Object(CakeRequest), Object(CakeResponse))
#17 /var/www/html/app/webroot/index.php(110): Dispatcher->dispatch(Object(CakeRequest), Object(CakeResponse))
#18 /var/www/html/index.php(43): require('/var/www/html/a...')
#19 {main}
2014-11-24 12:59:37 Warning: Warning (2): strtotime(): It is not safe to rely on the system's timezone settings. You are *required* to use the date.timezone setting or the date_default_timezone_set() function. In case you used any of those methods and you are still getting this warning, you most likely misspelled the timezone identifier. We selected 'UTC' for 'UTC/0.0/no DST' instead in [/var/www/html/app/View/admin/users.ctp, line 38]
Trace:
strtotime - [internal], line ??
include - APP/View/admin/users.ctp, line 38
View::_evaluate() - CORE/Cake/View/View.php, line 931
View::_render() - CORE/Cake/View/View.php, line 893
View::render() - CORE/Cake/View/View.php, line 462
Controller::render() - CORE/Cake/Controller/Controller.php, line 952
AdminController::users() - APP/Controller/AdminController.php, line 360
ReflectionMethod::invokeArgs() - [internal], line ??
Controller::invokeAction() - CORE/Cake/Controller/Controller.php, line 490
Dispatcher::_invoke() - CORE/Cake/Routing/Dispatcher.php, line 187
Dispatcher::dispatch() - CORE/Cake/Routing/Dispatcher.php, line 162
[main] - APP/webroot/index.php, line 110

2014-11-24 12:59:37 Warning: Warning (2): date() [http://php.net/function.date]: It is not safe to rely on the system's timezone settings. You are *required* to use the date.timezone setting or the date_default_timezone_set() function. In case you used any of those methods and you are still getting this warning, you most likely misspelled the timezone identifier. We selected 'UTC' for 'UTC/0.0/no DST' instead in [/var/www/html/app/View/admin/users.ctp, line 38]
Trace:
date - [internal], line ??
include - APP/View/admin/users.ctp, line 38
View::_evaluate() - CORE/Cake/View/View.php, line 931
View::_render() - CORE/Cake/View/View.php, line 893
View::render() - CORE/Cake/View/View.php, line 462
Controller::render() - CORE/Cake/Controller/Controller.php, line 952
AdminController::users() - APP/Controller/AdminController.php, line 360
ReflectionMethod::invokeArgs() - [internal], line ??
Controller::invokeAction() - CORE/Cake/Controller/Controller.php, line 490
Dispatcher::_invoke() - CORE/Cake/Routing/Dispatcher.php, line 187
Dispatcher::dispatch() - CORE/Cake/Routing/Dispatcher.php, line 162
[main] - APP/webroot/index.php, line 110

2014-11-24 12:59:37 Warning: Warning (2): date() [http://php.net/function.date]: It is not safe to rely on the system's timezone settings. You are *required* to use the date.timezone setting or the date_default_timezone_set() function. In case you used any of those methods and you are still getting this warning, you most likely misspelled the timezone identifier. We selected 'UTC' for 'UTC/0.0/no DST' instead in [/var/www/html/app/View/admin/users.ctp, line 52]
Trace:
date - [internal], line ??
include - APP/View/admin/users.ctp, line 52
View::_evaluate() - CORE/Cake/View/View.php, line 931
View::_render() - CORE/Cake/View/View.php, line 893
View::render() - CORE/Cake/View/View.php, line 462
Controller::render() - CORE/Cake/Controller/Controller.php, line 952
AdminController::users() - APP/Controller/AdminController.php, line 360
ReflectionMethod::invokeArgs() - [internal], line ??
Controller::invokeAction() - CORE/Cake/Controller/Controller.php, line 490
Dispatcher::_invoke() - CORE/Cake/Routing/Dispatcher.php, line 187
Dispatcher::dispatch() - CORE/Cake/Routing/Dispatcher.php, line 162
[main] - APP/webroot/index.php, line 110

2014-11-24 12:59:37 Warning: Warning (2): strtotime() [http://php.net/function.strtotime]: It is not safe to rely on the system's timezone settings. You are *required* to use the date.timezone setting or the date_default_timezone_set() function. In case you used any of those methods and you are still getting this warning, you most likely misspelled the timezone identifier. We selected 'UTC' for 'UTC/0.0/no DST' instead in [/var/www/html/app/View/admin/users.ctp, line 38]
Trace:
strtotime - [internal], line ??
include - APP/View/admin/users.ctp, line 38
View::_evaluate() - CORE/Cake/View/View.php, line 931
View::_render() - CORE/Cake/View/View.php, line 893
View::render() - CORE/Cake/View/View.php, line 462
Controller::render() - CORE/Cake/Controller/Controller.php, line 952
AdminController::users() - APP/Controller/AdminController.php, line 360
ReflectionMethod::invokeArgs() - [internal], line ??
Controller::invokeAction() - CORE/Cake/Controller/Controller.php, line 490
Dispatcher::_invoke() - CORE/Cake/Routing/Dispatcher.php, line 187
Dispatcher::dispatch() - CORE/Cake/Routing/Dispatcher.php, line 162
[main] - APP/webroot/index.php, line 110

2014-11-24 12:59:37 Warning: Warning (2): date() [http://php.net/function.date]: It is not safe to rely on the system's timezone settings. You are *required* to use the date.timezone setting or the date_default_timezone_set() function. In case you used any of those methods and you are still getting this warning, you most likely misspelled the timezone identifier. We selected 'UTC' for 'UTC/0.0/no DST' instead in [/var/www/html/app/View/admin/users.ctp, line 38]
Trace:
date - [internal], line ??
include - APP/View/admin/users.ctp, line 38
View::_evaluate() - CORE/Cake/View/View.php, line 931
View::_render() - CORE/Cake/View/View.php, line 893
View::render() - CORE/Cake/View/View.php, line 462
Controller::render() - CORE/Cake/Controller/Controller.php, line 952
AdminController::users() - APP/Controller/AdminController.php, line 360
ReflectionMethod::invokeArgs() - [internal], line ??
Controller::invokeAction() - CORE/Cake/Controller/Controller.php, line 490
Dispatcher::_invoke() - CORE/Cake/Routing/Dispatcher.php, line 187
Dispatcher::dispatch() - CORE/Cake/Routing/Dispatcher.php, line 162
[main] - APP/webroot/index.php, line 110

2014-11-24 12:59:37 Warning: Warning (2): date() [http://php.net/function.date]: It is not safe to rely on the system's timezone settings. You are *required* to use the date.timezone setting or the date_default_timezone_set() function. In case you used any of those methods and you are still getting this warning, you most likely misspelled the timezone identifier. We selected 'UTC' for 'UTC/0.0/no DST' instead in [/var/www/html/app/View/admin/users.ctp, line 52]
Trace:
date - [internal], line ??
include - APP/View/admin/users.ctp, line 52
View::_evaluate() - CORE/Cake/View/View.php, line 931
View::_render() - CORE/Cake/View/View.php, line 893
View::render() - CORE/Cake/View/View.php, line 462
Controller::render() - CORE/Cake/Controller/Controller.php, line 952
AdminController::users() - APP/Controller/AdminController.php, line 360
ReflectionMethod::invokeArgs() - [internal], line ??
Controller::invokeAction() - CORE/Cake/Controller/Controller.php, line 490
Dispatcher::_invoke() - CORE/Cake/Routing/Dispatcher.php, line 187
Dispatcher::dispatch() - CORE/Cake/Routing/Dispatcher.php, line 162
[main] - APP/webroot/index.php, line 110

2014-11-24 12:59:37 Warning: Warning (2): strtotime() [http://php.net/function.strtotime]: It is not safe to rely on the system's timezone settings. You are *required* to use the date.timezone setting or the date_default_timezone_set() function. In case you used any of those methods and you are still getting this warning, you most likely misspelled the timezone identifier. We selected 'UTC' for 'UTC/0.0/no DST' instead in [/var/www/html/app/View/admin/users.ctp, line 38]
Trace:
strtotime - [internal], line ??
include - APP/View/admin/users.ctp, line 38
View::_evaluate() - CORE/Cake/View/View.php, line 931
View::_render() - CORE/Cake/View/View.php, line 893
View::render() - CORE/Cake/View/View.php, line 462
Controller::render() - CORE/Cake/Controller/Controller.php, line 952
AdminController::users() - APP/Controller/AdminController.php, line 360
ReflectionMethod::invokeArgs() - [internal], line ??
Controller::invokeAction() - CORE/Cake/Controller/Controller.php, line 490
Dispatcher::_invoke() - CORE/Cake/Routing/Dispatcher.php, line 187
Dispatcher::dispatch() - CORE/Cake/Routing/Dispatcher.php, line 162
[main] - APP/webroot/index.php, line 110

2014-11-24 12:59:37 Warning: Warning (2): date() [http://php.net/function.date]: It is not safe to rely on the system's timezone settings. You are *required* to use the date.timezone setting or the date_default_timezone_set() function. In case you used any of those methods and you are still getting this warning, you most likely misspelled the timezone identifier. We selected 'UTC' for 'UTC/0.0/no DST' instead in [/var/www/html/app/View/admin/users.ctp, line 38]
Trace:
date - [internal], line ??
include - APP/View/admin/users.ctp, line 38
View::_evaluate() - CORE/Cake/View/View.php, line 931
View::_render() - CORE/Cake/View/View.php, line 893
View::render() - CORE/Cake/View/View.php, line 462
Controller::render() - CORE/Cake/Controller/Controller.php, line 952
AdminController::users() - APP/Controller/AdminController.php, line 360
ReflectionMethod::invokeArgs() - [internal], line ??
Controller::invokeAction() - CORE/Cake/Controller/Controller.php, line 490
Dispatcher::_invoke() - CORE/Cake/Routing/Dispatcher.php, line 187
Dispatcher::dispatch() - CORE/Cake/Routing/Dispatcher.php, line 162
[main] - APP/webroot/index.php, line 110

2014-11-24 12:59:37 Warning: Warning (2): date() [http://php.net/function.date]: It is not safe to rely on the system's timezone settings. You are *required* to use the date.timezone setting or the date_default_timezone_set() function. In case you used any of those methods and you are still getting this warning, you most likely misspelled the timezone identifier. We selected 'UTC' for 'UTC/0.0/no DST' instead in [/var/www/html/app/View/admin/users.ctp, line 52]
Trace:
date - [internal], line ??
include - APP/View/admin/users.ctp, line 52
View::_evaluate() - CORE/Cake/View/View.php, line 931
View::_render() - CORE/Cake/View/View.php, line 893
View::render() - CORE/Cake/View/View.php, line 462
Controller::render() - CORE/Cake/Controller/Controller.php, line 952
AdminController::users() - APP/Controller/AdminController.php, line 360
ReflectionMethod::invokeArgs() - [internal], line ??
Controller::invokeAction() - CORE/Cake/Controller/Controller.php, line 490
Dispatcher::_invoke() - CORE/Cake/Routing/Dispatcher.php, line 187
Dispatcher::dispatch() - CORE/Cake/Routing/Dispatcher.php, line 162
[main] - APP/webroot/index.php, line 110

2014-11-24 12:59:37 Warning: Warning (2): strtotime() [http://php.net/function.strtotime]: It is not safe to rely on the system's timezone settings. You are *required* to use the date.timezone setting or the date_default_timezone_set() function. In case you used any of those methods and you are still getting this warning, you most likely misspelled the timezone identifier. We selected 'UTC' for 'UTC/0.0/no DST' instead in [/var/www/html/app/View/admin/users.ctp, line 38]
Trace:
strtotime - [internal], line ??
include - APP/View/admin/users.ctp, line 38
View::_evaluate() - CORE/Cake/View/View.php, line 931
View::_render() - CORE/Cake/View/View.php, line 893
View::render() - CORE/Cake/View/View.php, line 462
Controller::render() - CORE/Cake/Controller/Controller.php, line 952
AdminController::users() - APP/Controller/AdminController.php, line 360
ReflectionMethod::invokeArgs() - [internal], line ??
Controller::invokeAction() - CORE/Cake/Controller/Controller.php, line 490
Dispatcher::_invoke() - CORE/Cake/Routing/Dispatcher.php, line 187
Dispatcher::dispatch() - CORE/Cake/Routing/Dispatcher.php, line 162
[main] - APP/webroot/index.php, line 110

2014-11-24 12:59:37 Warning: Warning (2): date() [http://php.net/function.date]: It is not safe to rely on the system's timezone settings. You are *required* to use the date.timezone setting or the date_default_timezone_set() function. In case you used any of those methods and you are still getting this warning, you most likely misspelled the timezone identifier. We selected 'UTC' for 'UTC/0.0/no DST' instead in [/var/www/html/app/View/admin/users.ctp, line 38]
Trace:
date - [internal], line ??
include - APP/View/admin/users.ctp, line 38
View::_evaluate() - CORE/Cake/View/View.php, line 931
View::_render() - CORE/Cake/View/View.php, line 893
View::render() - CORE/Cake/View/View.php, line 462
Controller::render() - CORE/Cake/Controller/Controller.php, line 952
AdminController::users() - APP/Controller/AdminController.php, line 360
ReflectionMethod::invokeArgs() - [internal], line ??
Controller::invokeAction() - CORE/Cake/Controller/Controller.php, line 490
Dispatcher::_invoke() - CORE/Cake/Routing/Dispatcher.php, line 187
Dispatcher::dispatch() - CORE/Cake/Routing/Dispatcher.php, line 162
[main] - APP/webroot/index.php, line 110

2014-11-24 12:59:37 Warning: Warning (2): date() [http://php.net/function.date]: It is not safe to rely on the system's timezone settings. You are *required* to use the date.timezone setting or the date_default_timezone_set() function. In case you used any of those methods and you are still getting this warning, you most likely misspelled the timezone identifier. We selected 'UTC' for 'UTC/0.0/no DST' instead in [/var/www/html/app/View/admin/users.ctp, line 52]
Trace:
date - [internal], line ??
include - APP/View/admin/users.ctp, line 52
View::_evaluate() - CORE/Cake/View/View.php, line 931
View::_render() - CORE/Cake/View/View.php, line 893
View::render() - CORE/Cake/View/View.php, line 462
Controller::render() - CORE/Cake/Controller/Controller.php, line 952
AdminController::users() - APP/Controller/AdminController.php, line 360
ReflectionMethod::invokeArgs() - [internal], line ??
Controller::invokeAction() - CORE/Cake/Controller/Controller.php, line 490
Dispatcher::_invoke() - CORE/Cake/Routing/Dispatcher.php, line 187
Dispatcher::dispatch() - CORE/Cake/Routing/Dispatcher.php, line 162
[main] - APP/webroot/index.php, line 110

2014-11-24 12:59:37 Warning: Warning (2): strtotime() [http://php.net/function.strtotime]: It is not safe to rely on the system's timezone settings. You are *required* to use the date.timezone setting or the date_default_timezone_set() function. In case you used any of those methods and you are still getting this warning, you most likely misspelled the timezone identifier. We selected 'UTC' for 'UTC/0.0/no DST' instead in [/var/www/html/app/View/admin/users.ctp, line 38]
Trace:
strtotime - [internal], line ??
include - APP/View/admin/users.ctp, line 38
View::_evaluate() - CORE/Cake/View/View.php, line 931
View::_render() - CORE/Cake/View/View.php, line 893
View::render() - CORE/Cake/View/View.php, line 462
Controller::render() - CORE/Cake/Controller/Controller.php, line 952
AdminController::users() - APP/Controller/AdminController.php, line 360
ReflectionMethod::invokeArgs() - [internal], line ??
Controller::invokeAction() - CORE/Cake/Controller/Controller.php, line 490
Dispatcher::_invoke() - CORE/Cake/Routing/Dispatcher.php, line 187
Dispatcher::dispatch() - CORE/Cake/Routing/Dispatcher.php, line 162
[main] - APP/webroot/index.php, line 110

2014-11-24 12:59:37 Warning: Warning (2): date() [http://php.net/function.date]: It is not safe to rely on the system's timezone settings. You are *required* to use the date.timezone setting or the date_default_timezone_set() function. In case you used any of those methods and you are still getting this warning, you most likely misspelled the timezone identifier. We selected 'UTC' for 'UTC/0.0/no DST' instead in [/var/www/html/app/View/admin/users.ctp, line 38]
Trace:
date - [internal], line ??
include - APP/View/admin/users.ctp, line 38
View::_evaluate() - CORE/Cake/View/View.php, line 931
View::_render() - CORE/Cake/View/View.php, line 893
View::render() - CORE/Cake/View/View.php, line 462
Controller::render() - CORE/Cake/Controller/Controller.php, line 952
AdminController::users() - APP/Controller/AdminController.php, line 360
ReflectionMethod::invokeArgs() - [internal], line ??
Controller::invokeAction() - CORE/Cake/Controller/Controller.php, line 490
Dispatcher::_invoke() - CORE/Cake/Routing/Dispatcher.php, line 187
Dispatcher::dispatch() - CORE/Cake/Routing/Dispatcher.php, line 162
[main] - APP/webroot/index.php, line 110

2014-11-24 12:59:37 Warning: Warning (2): date() [http://php.net/function.date]: It is not safe to rely on the system's timezone settings. You are *required* to use the date.timezone setting or the date_default_timezone_set() function. In case you used any of those methods and you are still getting this warning, you most likely misspelled the timezone identifier. We selected 'UTC' for 'UTC/0.0/no DST' instead in [/var/www/html/app/View/admin/users.ctp, line 52]
Trace:
date - [internal], line ??
include - APP/View/admin/users.ctp, line 52
View::_evaluate() - CORE/Cake/View/View.php, line 931
View::_render() - CORE/Cake/View/View.php, line 893
View::render() - CORE/Cake/View/View.php, line 462
Controller::render() - CORE/Cake/Controller/Controller.php, line 952
AdminController::users() - APP/Controller/AdminController.php, line 360
ReflectionMethod::invokeArgs() - [internal], line ??
Controller::invokeAction() - CORE/Cake/Controller/Controller.php, line 490
Dispatcher::_invoke() - CORE/Cake/Routing/Dispatcher.php, line 187
Dispatcher::dispatch() - CORE/Cake/Routing/Dispatcher.php, line 162
[main] - APP/webroot/index.php, line 110

2014-11-24 12:59:37 Warning: Warning (2): strtotime() [http://php.net/function.strtotime]: It is not safe to rely on the system's timezone settings. You are *required* to use the date.timezone setting or the date_default_timezone_set() function. In case you used any of those methods and you are still getting this warning, you most likely misspelled the timezone identifier. We selected 'UTC' for 'UTC/0.0/no DST' instead in [/var/www/html/app/View/admin/users.ctp, line 38]
Trace:
strtotime - [internal], line ??
include - APP/View/admin/users.ctp, line 38
View::_evaluate() - CORE/Cake/View/View.php, line 931
View::_render() - CORE/Cake/View/View.php, line 893
View::render() - CORE/Cake/View/View.php, line 462
Controller::render() - CORE/Cake/Controller/Controller.php, line 952
AdminController::users() - APP/Controller/AdminController.php, line 360
ReflectionMethod::invokeArgs() - [internal], line ??
Controller::invokeAction() - CORE/Cake/Controller/Controller.php, line 490
Dispatcher::_invoke() - CORE/Cake/Routing/Dispatcher.php, line 187
Dispatcher::dispatch() - CORE/Cake/Routing/Dispatcher.php, line 162
[main] - APP/webroot/index.php, line 110

2014-11-24 12:59:37 Warning: Warning (2): date() [http://php.net/function.date]: It is not safe to rely on the system's timezone settings. You are *required* to use the date.timezone setting or the date_default_timezone_set() function. In case you used any of those methods and you are still getting this warning, you most likely misspelled the timezone identifier. We selected 'UTC' for 'UTC/0.0/no DST' instead in [/var/www/html/app/View/admin/users.ctp, line 38]
Trace:
date - [internal], line ??
include - APP/View/admin/users.ctp, line 38
View::_evaluate() - CORE/Cake/View/View.php, line 931
View::_render() - CORE/Cake/View/View.php, line 893
View::render() - CORE/Cake/View/View.php, line 462
Controller::render() - CORE/Cake/Controller/Controller.php, line 952
AdminController::users() - APP/Controller/AdminController.php, line 360
ReflectionMethod::invokeArgs() - [internal], line ??
Controller::invokeAction() - CORE/Cake/Controller/Controller.php, line 490
Dispatcher::_invoke() - CORE/Cake/Routing/Dispatcher.php, line 187
Dispatcher::dispatch() - CORE/Cake/Routing/Dispatcher.php, line 162
[main] - APP/webroot/index.php, line 110

2014-11-24 12:59:37 Warning: Warning (2): date() [http://php.net/function.date]: It is not safe to rely on the system's timezone settings. You are *required* to use the date.timezone setting or the date_default_timezone_set() function. In case you used any of those methods and you are still getting this warning, you most likely misspelled the timezone identifier. We selected 'UTC' for 'UTC/0.0/no DST' instead in [/var/www/html/app/View/admin/users.ctp, line 52]
Trace:
date - [internal], line ??
include - APP/View/admin/users.ctp, line 52
View::_evaluate() - CORE/Cake/View/View.php, line 931
View::_render() - CORE/Cake/View/View.php, line 893
View::render() - CORE/Cake/View/View.php, line 462
Controller::render() - CORE/Cake/Controller/Controller.php, line 952
AdminController::users() - APP/Controller/AdminController.php, line 360
ReflectionMethod::invokeArgs() - [internal], line ??
Controller::invokeAction() - CORE/Cake/Controller/Controller.php, line 490
Dispatcher::_invoke() - CORE/Cake/Routing/Dispatcher.php, line 187
Dispatcher::dispatch() - CORE/Cake/Routing/Dispatcher.php, line 162
[main] - APP/webroot/index.php, line 110

2014-11-24 12:59:37 Warning: Warning (2): strtotime() [http://php.net/function.strtotime]: It is not safe to rely on the system's timezone settings. You are *required* to use the date.timezone setting or the date_default_timezone_set() function. In case you used any of those methods and you are still getting this warning, you most likely misspelled the timezone identifier. We selected 'UTC' for 'UTC/0.0/no DST' instead in [/var/www/html/app/View/admin/users.ctp, line 38]
Trace:
strtotime - [internal], line ??
include - APP/View/admin/users.ctp, line 38
View::_evaluate() - CORE/Cake/View/View.php, line 931
View::_render() - CORE/Cake/View/View.php, line 893
View::render() - CORE/Cake/View/View.php, line 462
Controller::render() - CORE/Cake/Controller/Controller.php, line 952
AdminController::users() - APP/Controller/AdminController.php, line 360
ReflectionMethod::invokeArgs() - [internal], line ??
Controller::invokeAction() - CORE/Cake/Controller/Controller.php, line 490
Dispatcher::_invoke() - CORE/Cake/Routing/Dispatcher.php, line 187
Dispatcher::dispatch() - CORE/Cake/Routing/Dispatcher.php, line 162
[main] - APP/webroot/index.php, line 110

2014-11-24 12:59:37 Warning: Warning (2): date() [http://php.net/function.date]: It is not safe to rely on the system's timezone settings. You are *required* to use the date.timezone setting or the date_default_timezone_set() function. In case you used any of those methods and you are still getting this warning, you most likely misspelled the timezone identifier. We selected 'UTC' for 'UTC/0.0/no DST' instead in [/var/www/html/app/View/admin/users.ctp, line 38]
Trace:
date - [internal], line ??
include - APP/View/admin/users.ctp, line 38
View::_evaluate() - CORE/Cake/View/View.php, line 931
View::_render() - CORE/Cake/View/View.php, line 893
View::render() - CORE/Cake/View/View.php, line 462
Controller::render() - CORE/Cake/Controller/Controller.php, line 952
AdminController::users() - APP/Controller/AdminController.php, line 360
ReflectionMethod::invokeArgs() - [internal], line ??
Controller::invokeAction() - CORE/Cake/Controller/Controller.php, line 490
Dispatcher::_invoke() - CORE/Cake/Routing/Dispatcher.php, line 187
Dispatcher::dispatch() - CORE/Cake/Routing/Dispatcher.php, line 162
[main] - APP/webroot/index.php, line 110

2014-11-24 12:59:37 Warning: Warning (2): date() [http://php.net/function.date]: It is not safe to rely on the system's timezone settings. You are *required* to use the date.timezone setting or the date_default_timezone_set() function. In case you used any of those methods and you are still getting this warning, you most likely misspelled the timezone identifier. We selected 'UTC' for 'UTC/0.0/no DST' instead in [/var/www/html/app/View/admin/users.ctp, line 52]
Trace:
date - [internal], line ??
include - APP/View/admin/users.ctp, line 52
View::_evaluate() - CORE/Cake/View/View.php, line 931
View::_render() - CORE/Cake/View/View.php, line 893
View::render() - CORE/Cake/View/View.php, line 462
Controller::render() - CORE/Cake/Controller/Controller.php, line 952
AdminController::users() - APP/Controller/AdminController.php, line 360
ReflectionMethod::invokeArgs() - [internal], line ??
Controller::invokeAction() - CORE/Cake/Controller/Controller.php, line 490
Dispatcher::_invoke() - CORE/Cake/Routing/Dispatcher.php, line 187
Dispatcher::dispatch() - CORE/Cake/Routing/Dispatcher.php, line 162
[main] - APP/webroot/index.php, line 110

2014-11-24 12:59:37 Warning: Warning (2): strtotime() [http://php.net/function.strtotime]: It is not safe to rely on the system's timezone settings. You are *required* to use the date.timezone setting or the date_default_timezone_set() function. In case you used any of those methods and you are still getting this warning, you most likely misspelled the timezone identifier. We selected 'UTC' for 'UTC/0.0/no DST' instead in [/var/www/html/app/View/admin/users.ctp, line 38]
Trace:
strtotime - [internal], line ??
include - APP/View/admin/users.ctp, line 38
View::_evaluate() - CORE/Cake/View/View.php, line 931
View::_render() - CORE/Cake/View/View.php, line 893
View::render() - CORE/Cake/View/View.php, line 462
Controller::render() - CORE/Cake/Controller/Controller.php, line 952
AdminController::users() - APP/Controller/AdminController.php, line 360
ReflectionMethod::invokeArgs() - [internal], line ??
Controller::invokeAction() - CORE/Cake/Controller/Controller.php, line 490
Dispatcher::_invoke() - CORE/Cake/Routing/Dispatcher.php, line 187
Dispatcher::dispatch() - CORE/Cake/Routing/Dispatcher.php, line 162
[main] - APP/webroot/index.php, line 110

2014-11-24 12:59:37 Warning: Warning (2): date() [http://php.net/function.date]: It is not safe to rely on the system's timezone settings. You are *required* to use the date.timezone setting or the date_default_timezone_set() function. In case you used any of those methods and you are still getting this warning, you most likely misspelled the timezone identifier. We selected 'UTC' for 'UTC/0.0/no DST' instead in [/var/www/html/app/View/admin/users.ctp, line 38]
Trace:
date - [internal], line ??
include - APP/View/admin/users.ctp, line 38
View::_evaluate() - CORE/Cake/View/View.php, line 931
View::_render() - CORE/Cake/View/View.php, line 893
View::render() - CORE/Cake/View/View.php, line 462
Controller::render() - CORE/Cake/Controller/Controller.php, line 952
AdminController::users() - APP/Controller/AdminController.php, line 360
ReflectionMethod::invokeArgs() - [internal], line ??
Controller::invokeAction() - CORE/Cake/Controller/Controller.php, line 490
Dispatcher::_invoke() - CORE/Cake/Routing/Dispatcher.php, line 187
Dispatcher::dispatch() - CORE/Cake/Routing/Dispatcher.php, line 162
[main] - APP/webroot/index.php, line 110

2014-11-24 12:59:37 Warning: Warning (2): date() [http://php.net/function.date]: It is not safe to rely on the system's timezone settings. You are *required* to use the date.timezone setting or the date_default_timezone_set() function. In case you used any of those methods and you are still getting this warning, you most likely misspelled the timezone identifier. We selected 'UTC' for 'UTC/0.0/no DST' instead in [/var/www/html/app/View/admin/users.ctp, line 52]
Trace:
date - [internal], line ??
include - APP/View/admin/users.ctp, line 52
View::_evaluate() - CORE/Cake/View/View.php, line 931
View::_render() - CORE/Cake/View/View.php, line 893
View::render() - CORE/Cake/View/View.php, line 462
Controller::render() - CORE/Cake/Controller/Controller.php, line 952
AdminController::users() - APP/Controller/AdminController.php, line 360
ReflectionMethod::invokeArgs() - [internal], line ??
Controller::invokeAction() - CORE/Cake/Controller/Controller.php, line 490
Dispatcher::_invoke() - CORE/Cake/Routing/Dispatcher.php, line 187
Dispatcher::dispatch() - CORE/Cake/Routing/Dispatcher.php, line 162
[main] - APP/webroot/index.php, line 110

2014-11-24 12:59:37 Warning: Warning (2): strtotime() [http://php.net/function.strtotime]: It is not safe to rely on the system's timezone settings. You are *required* to use the date.timezone setting or the date_default_timezone_set() function. In case you used any of those methods and you are still getting this warning, you most likely misspelled the timezone identifier. We selected 'UTC' for 'UTC/0.0/no DST' instead in [/var/www/html/app/View/admin/users.ctp, line 38]
Trace:
strtotime - [internal], line ??
include - APP/View/admin/users.ctp, line 38
View::_evaluate() - CORE/Cake/View/View.php, line 931
View::_render() - CORE/Cake/View/View.php, line 893
View::render() - CORE/Cake/View/View.php, line 462
Controller::render() - CORE/Cake/Controller/Controller.php, line 952
AdminController::users() - APP/Controller/AdminController.php, line 360
ReflectionMethod::invokeArgs() - [internal], line ??
Controller::invokeAction() - CORE/Cake/Controller/Controller.php, line 490
Dispatcher::_invoke() - CORE/Cake/Routing/Dispatcher.php, line 187
Dispatcher::dispatch() - CORE/Cake/Routing/Dispatcher.php, line 162
[main] - APP/webroot/index.php, line 110

2014-11-24 12:59:37 Warning: Warning (2): date() [http://php.net/function.date]: It is not safe to rely on the system's timezone settings. You are *required* to use the date.timezone setting or the date_default_timezone_set() function. In case you used any of those methods and you are still getting this warning, you most likely misspelled the timezone identifier. We selected 'UTC' for 'UTC/0.0/no DST' instead in [/var/www/html/app/View/admin/users.ctp, line 38]
Trace:
date - [internal], line ??
include - APP/View/admin/users.ctp, line 38
View::_evaluate() - CORE/Cake/View/View.php, line 931
View::_render() - CORE/Cake/View/View.php, line 893
View::render() - CORE/Cake/View/View.php, line 462
Controller::render() - CORE/Cake/Controller/Controller.php, line 952
AdminController::users() - APP/Controller/AdminController.php, line 360
ReflectionMethod::invokeArgs() - [internal], line ??
Controller::invokeAction() - CORE/Cake/Controller/Controller.php, line 490
Dispatcher::_invoke() - CORE/Cake/Routing/Dispatcher.php, line 187
Dispatcher::dispatch() - CORE/Cake/Routing/Dispatcher.php, line 162
[main] - APP/webroot/index.php, line 110

2014-11-24 12:59:37 Warning: Warning (2): date() [http://php.net/function.date]: It is not safe to rely on the system's timezone settings. You are *required* to use the date.timezone setting or the date_default_timezone_set() function. In case you used any of those methods and you are still getting this warning, you most likely misspelled the timezone identifier. We selected 'UTC' for 'UTC/0.0/no DST' instead in [/var/www/html/app/View/admin/users.ctp, line 52]
Trace:
date - [internal], line ??
include - APP/View/admin/users.ctp, line 52
View::_evaluate() - CORE/Cake/View/View.php, line 931
View::_render() - CORE/Cake/View/View.php, line 893
View::render() - CORE/Cake/View/View.php, line 462
Controller::render() - CORE/Cake/Controller/Controller.php, line 952
AdminController::users() - APP/Controller/AdminController.php, line 360
ReflectionMethod::invokeArgs() - [internal], line ??
Controller::invokeAction() - CORE/Cake/Controller/Controller.php, line 490
Dispatcher::_invoke() - CORE/Cake/Routing/Dispatcher.php, line 187
Dispatcher::dispatch() - CORE/Cake/Routing/Dispatcher.php, line 162
[main] - APP/webroot/index.php, line 110

2014-11-24 12:59:37 Warning: Warning (2): strtotime() [http://php.net/function.strtotime]: It is not safe to rely on the system's timezone settings. You are *required* to use the date.timezone setting or the date_default_timezone_set() function. In case you used any of those methods and you are still getting this warning, you most likely misspelled the timezone identifier. We selected 'UTC' for 'UTC/0.0/no DST' instead in [/var/www/html/app/View/admin/users.ctp, line 38]
Trace:
strtotime - [internal], line ??
include - APP/View/admin/users.ctp, line 38
View::_evaluate() - CORE/Cake/View/View.php, line 931
View::_render() - CORE/Cake/View/View.php, line 893
View::render() - CORE/Cake/View/View.php, line 462
Controller::render() - CORE/Cake/Controller/Controller.php, line 952
AdminController::users() - APP/Controller/AdminController.php, line 360
ReflectionMethod::invokeArgs() - [internal], line ??
Controller::invokeAction() - CORE/Cake/Controller/Controller.php, line 490
Dispatcher::_invoke() - CORE/Cake/Routing/Dispatcher.php, line 187
Dispatcher::dispatch() - CORE/Cake/Routing/Dispatcher.php, line 162
[main] - APP/webroot/index.php, line 110

2014-11-24 12:59:37 Warning: Warning (2): date() [http://php.net/function.date]: It is not safe to rely on the system's timezone settings. You are *required* to use the date.timezone setting or the date_default_timezone_set() function. In case you used any of those methods and you are still getting this warning, you most likely misspelled the timezone identifier. We selected 'UTC' for 'UTC/0.0/no DST' instead in [/var/www/html/app/View/admin/users.ctp, line 38]
Trace:
date - [internal], line ??
include - APP/View/admin/users.ctp, line 38
View::_evaluate() - CORE/Cake/View/View.php, line 931
View::_render() - CORE/Cake/View/View.php, line 893
View::render() - CORE/Cake/View/View.php, line 462
Controller::render() - CORE/Cake/Controller/Controller.php, line 952
AdminController::users() - APP/Controller/AdminController.php, line 360
ReflectionMethod::invokeArgs() - [internal], line ??
Controller::invokeAction() - CORE/Cake/Controller/Controller.php, line 490
Dispatcher::_invoke() - CORE/Cake/Routing/Dispatcher.php, line 187
Dispatcher::dispatch() - CORE/Cake/Routing/Dispatcher.php, line 162
[main] - APP/webroot/index.php, line 110

2014-11-24 12:59:37 Warning: Warning (2): date() [http://php.net/function.date]: It is not safe to rely on the system's timezone settings. You are *required* to use the date.timezone setting or the date_default_timezone_set() function. In case you used any of those methods and you are still getting this warning, you most likely misspelled the timezone identifier. We selected 'UTC' for 'UTC/0.0/no DST' instead in [/var/www/html/app/View/admin/users.ctp, line 52]
Trace:
date - [internal], line ??
include - APP/View/admin/users.ctp, line 52
View::_evaluate() - CORE/Cake/View/View.php, line 931
View::_render() - CORE/Cake/View/View.php, line 893
View::render() - CORE/Cake/View/View.php, line 462
Controller::render() - CORE/Cake/Controller/Controller.php, line 952
AdminController::users() - APP/Controller/AdminController.php, line 360
ReflectionMethod::invokeArgs() - [internal], line ??
Controller::invokeAction() - CORE/Cake/Controller/Controller.php, line 490
Dispatcher::_invoke() - CORE/Cake/Routing/Dispatcher.php, line 187
Dispatcher::dispatch() - CORE/Cake/Routing/Dispatcher.php, line 162
[main] - APP/webroot/index.php, line 110

2014-11-24 12:59:42 Warning: Warning (2): date(): It is not safe to rely on the system's timezone settings. You are *required* to use the date.timezone setting or the date_default_timezone_set() function. In case you used any of those methods and you are still getting this warning, you most likely misspelled the timezone identifier. We selected 'UTC' for 'UTC/0.0/no DST' instead in [/var/www/html/app/View/admin/reportedproblems.ctp, line 34]
Trace:
date - [internal], line ??
include - APP/View/admin/reportedproblems.ctp, line 34
View::_evaluate() - CORE/Cake/View/View.php, line 931
View::_render() - CORE/Cake/View/View.php, line 893
View::render() - CORE/Cake/View/View.php, line 462
Controller::render() - CORE/Cake/Controller/Controller.php, line 952
AdminController::reportedproblems() - APP/Controller/AdminController.php, line 316
ReflectionMethod::invokeArgs() - [internal], line ??
Controller::invokeAction() - CORE/Cake/Controller/Controller.php, line 490
Dispatcher::_invoke() - CORE/Cake/Routing/Dispatcher.php, line 187
Dispatcher::dispatch() - CORE/Cake/Routing/Dispatcher.php, line 162
[main] - APP/webroot/index.php, line 110

2014-11-24 12:59:42 Warning: Warning (2): date() [http://php.net/function.date]: It is not safe to rely on the system's timezone settings. You are *required* to use the date.timezone setting or the date_default_timezone_set() function. In case you used any of those methods and you are still getting this warning, you most likely misspelled the timezone identifier. We selected 'UTC' for 'UTC/0.0/no DST' instead in [/var/www/html/app/View/admin/reportedproblems.ctp, line 34]
Trace:
date - [internal], line ??
include - APP/View/admin/reportedproblems.ctp, line 34
View::_evaluate() - CORE/Cake/View/View.php, line 931
View::_render() - CORE/Cake/View/View.php, line 893
View::render() - CORE/Cake/View/View.php, line 462
Controller::render() - CORE/Cake/Controller/Controller.php, line 952
AdminController::reportedproblems() - APP/Controller/AdminController.php, line 316
ReflectionMethod::invokeArgs() - [internal], line ??
Controller::invokeAction() - CORE/Cake/Controller/Controller.php, line 490
Dispatcher::_invoke() - CORE/Cake/Routing/Dispatcher.php, line 187
Dispatcher::dispatch() - CORE/Cake/Routing/Dispatcher.php, line 162
[main] - APP/webroot/index.php, line 110

2014-11-24 12:59:42 Warning: Warning (2): date() [http://php.net/function.date]: It is not safe to rely on the system's timezone settings. You are *required* to use the date.timezone setting or the date_default_timezone_set() function. In case you used any of those methods and you are still getting this warning, you most likely misspelled the timezone identifier. We selected 'UTC' for 'UTC/0.0/no DST' instead in [/var/www/html/app/View/admin/reportedproblems.ctp, line 34]
Trace:
date - [internal], line ??
include - APP/View/admin/reportedproblems.ctp, line 34
View::_evaluate() - CORE/Cake/View/View.php, line 931
View::_render() - CORE/Cake/View/View.php, line 893
View::render() - CORE/Cake/View/View.php, line 462
Controller::render() - CORE/Cake/Controller/Controller.php, line 952
AdminController::reportedproblems() - APP/Controller/AdminController.php, line 316
ReflectionMethod::invokeArgs() - [internal], line ??
Controller::invokeAction() - CORE/Cake/Controller/Controller.php, line 490
Dispatcher::_invoke() - CORE/Cake/Routing/Dispatcher.php, line 187
Dispatcher::dispatch() - CORE/Cake/Routing/Dispatcher.php, line 162
[main] - APP/webroot/index.php, line 110

2014-11-24 12:59:42 Warning: Warning (2): date() [http://php.net/function.date]: It is not safe to rely on the system's timezone settings. You are *required* to use the date.timezone setting or the date_default_timezone_set() function. In case you used any of those methods and you are still getting this warning, you most likely misspelled the timezone identifier. We selected 'UTC' for 'UTC/0.0/no DST' instead in [/var/www/html/app/View/admin/reportedproblems.ctp, line 34]
Trace:
date - [internal], line ??
include - APP/View/admin/reportedproblems.ctp, line 34
View::_evaluate() - CORE/Cake/View/View.php, line 931
View::_render() - CORE/Cake/View/View.php, line 893
View::render() - CORE/Cake/View/View.php, line 462
Controller::render() - CORE/Cake/Controller/Controller.php, line 952
AdminController::reportedproblems() - APP/Controller/AdminController.php, line 316
ReflectionMethod::invokeArgs() - [internal], line ??
Controller::invokeAction() - CORE/Cake/Controller/Controller.php, line 490
Dispatcher::_invoke() - CORE/Cake/Routing/Dispatcher.php, line 187
Dispatcher::dispatch() - CORE/Cake/Routing/Dispatcher.php, line 162
[main] - APP/webroot/index.php, line 110

2014-11-24 12:59:42 Warning: Warning (2): date() [http://php.net/function.date]: It is not safe to rely on the system's timezone settings. You are *required* to use the date.timezone setting or the date_default_timezone_set() function. In case you used any of those methods and you are still getting this warning, you most likely misspelled the timezone identifier. We selected 'UTC' for 'UTC/0.0/no DST' instead in [/var/www/html/app/View/admin/reportedproblems.ctp, line 34]
Trace:
date - [internal], line ??
include - APP/View/admin/reportedproblems.ctp, line 34
View::_evaluate() - CORE/Cake/View/View.php, line 931
View::_render() - CORE/Cake/View/View.php, line 893
View::render() - CORE/Cake/View/View.php, line 462
Controller::render() - CORE/Cake/Controller/Controller.php, line 952
AdminController::reportedproblems() - APP/Controller/AdminController.php, line 316
ReflectionMethod::invokeArgs() - [internal], line ??
Controller::invokeAction() - CORE/Cake/Controller/Controller.php, line 490
Dispatcher::_invoke() - CORE/Cake/Routing/Dispatcher.php, line 187
Dispatcher::dispatch() - CORE/Cake/Routing/Dispatcher.php, line 162
[main] - APP/webroot/index.php, line 110

2014-11-24 12:59:42 Warning: Warning (2): date() [http://php.net/function.date]: It is not safe to rely on the system's timezone settings. You are *required* to use the date.timezone setting or the date_default_timezone_set() function. In case you used any of those methods and you are still getting this warning, you most likely misspelled the timezone identifier. We selected 'UTC' for 'UTC/0.0/no DST' instead in [/var/www/html/app/View/admin/reportedproblems.ctp, line 34]
Trace:
date - [internal], line ??
include - APP/View/admin/reportedproblems.ctp, line 34
View::_evaluate() - CORE/Cake/View/View.php, line 931
View::_render() - CORE/Cake/View/View.php, line 893
View::render() - CORE/Cake/View/View.php, line 462
Controller::render() - CORE/Cake/Controller/Controller.php, line 952
AdminController::reportedproblems() - APP/Controller/AdminController.php, line 316
ReflectionMethod::invokeArgs() - [internal], line ??
Controller::invokeAction() - CORE/Cake/Controller/Controller.php, line 490
Dispatcher::_invoke() - CORE/Cake/Routing/Dispatcher.php, line 187
Dispatcher::dispatch() - CORE/Cake/Routing/Dispatcher.php, line 162
[main] - APP/webroot/index.php, line 110

2014-11-24 12:59:42 Warning: Warning (2): date() [http://php.net/function.date]: It is not safe to rely on the system's timezone settings. You are *required* to use the date.timezone setting or the date_default_timezone_set() function. In case you used any of those methods and you are still getting this warning, you most likely misspelled the timezone identifier. We selected 'UTC' for 'UTC/0.0/no DST' instead in [/var/www/html/app/View/admin/reportedproblems.ctp, line 34]
Trace:
date - [internal], line ??
include - APP/View/admin/reportedproblems.ctp, line 34
View::_evaluate() - CORE/Cake/View/View.php, line 931
View::_render() - CORE/Cake/View/View.php, line 893
View::render() - CORE/Cake/View/View.php, line 462
Controller::render() - CORE/Cake/Controller/Controller.php, line 952
AdminController::reportedproblems() - APP/Controller/AdminController.php, line 316
ReflectionMethod::invokeArgs() - [internal], line ??
Controller::invokeAction() - CORE/Cake/Controller/Controller.php, line 490
Dispatcher::_invoke() - CORE/Cake/Routing/Dispatcher.php, line 187
Dispatcher::dispatch() - CORE/Cake/Routing/Dispatcher.php, line 162
[main] - APP/webroot/index.php, line 110

2014-11-24 12:59:42 Warning: Warning (2): date() [http://php.net/function.date]: It is not safe to rely on the system's timezone settings. You are *required* to use the date.timezone setting or the date_default_timezone_set() function. In case you used any of those methods and you are still getting this warning, you most likely misspelled the timezone identifier. We selected 'UTC' for 'UTC/0.0/no DST' instead in [/var/www/html/app/View/admin/reportedproblems.ctp, line 34]
Trace:
date - [internal], line ??
include - APP/View/admin/reportedproblems.ctp, line 34
View::_evaluate() - CORE/Cake/View/View.php, line 931
View::_render() - CORE/Cake/View/View.php, line 893
View::render() - CORE/Cake/View/View.php, line 462
Controller::render() - CORE/Cake/Controller/Controller.php, line 952
AdminController::reportedproblems() - APP/Controller/AdminController.php, line 316
ReflectionMethod::invokeArgs() - [internal], line ??
Controller::invokeAction() - CORE/Cake/Controller/Controller.php, line 490
Dispatcher::_invoke() - CORE/Cake/Routing/Dispatcher.php, line 187
Dispatcher::dispatch() - CORE/Cake/Routing/Dispatcher.php, line 162
[main] - APP/webroot/index.php, line 110

